"../../../../../../Users/dadas/Documents/Unreal Projects/IntoTheLabyrinth/Content/AdvancedVillagePack/Animations/Butterfly_Anim_Var01_Skeleton.uasset" 0
"../../../../../../Users/dadas/Documents/Unreal Projects/IntoTheLabyrinth/Content/AdvancedVillagePack/Animations/Butterfly_Anim_Var02.uasset" 1
"../../../../../../Users/dadas/Documents/Unreal Projects/IntoTheLabyrinth/Content/AdvancedVillagePack/Animations/Butterfly_Anim_Var03.uasset" 2
"../../../../../../Users/dadas/Documents/Unreal Projects/IntoTheLabyrinth/Content/AdvancedVillagePack/Animations/Butterfly_Anim_Var04.uasset" 3
"../../../../../../Users/dadas/Documents/Unreal Projects/IntoTheLabyrinth/Content/AdvancedVillagePack/Animations/Butterfly_Anim_Var05.uasset" 4
"../../../../../../Users/dadas/Documents/Unreal Projects/IntoTheLabyrinth/Content/AdvancedVillagePack/Maps/Texture2D_6_BaseColor.uasset" 5
"../../../../../../Users/dadas/Documents/Unreal Projects/IntoTheLabyrinth/Content/Characters/Maria/Mesh/Maria_Skeleton.uasset" 6
"../../../../../../Users/dadas/Documents/Unreal Projects/IntoTheLabyrinth/Content/sounds/steps_cue.uasset" 7
"../../../../../../Users/dadas/Documents/Unreal Projects/IntoTheLabyrinth/Content/Characters/Maria/animations/JumpingDown.uasset" 8
"../../../../../../Users/dadas/Documents/Unreal Projects/IntoTheLabyrinth/Content/Characters/Maria/animations/jumpingLoop.uasset" 9
"../../../../../../Users/dadas/Documents/Unreal Projects/IntoTheLabyrinth/Content/sounds/jump_cue.uasset" 10
"../../../../../../Users/dadas/Documents/Unreal Projects/IntoTheLabyrinth/Content/Characters/Maria/animations/JumpingUp.uasset" 11
"../../../../../../Users/dadas/Documents/Unreal Projects/IntoTheLabyrinth/Content/Characters/Maria/animations/Climbing_Down_Wall.uasset" 12
"../../../../../../Users/dadas/Documents/Unreal Projects/IntoTheLabyrinth/Content/Characters/Maria/animations/Climbing_idle.uasset" 13
"../../../../../../Users/dadas/Documents/Unreal Projects/IntoTheLabyrinth/Content/Characters/Maria/animations/Climbing_Up_Wall.uasset" 14
"../../../../../../Users/dadas/Documents/Unreal Projects/IntoTheLabyrinth/Content/Characters/Maria/animations/idle.uasset" 15
"../../../../../../Users/dadas/Documents/Unreal Projects/IntoTheLabyrinth/Content/Characters/Maria/animations/Pushing.uasset" 16
"../../../../../../Users/dadas/Documents/Unreal Projects/IntoTheLabyrinth/Content/Characters/Maria/animations/running.uasset" 17
"../../../../../../Users/dadas/Documents/Unreal Projects/IntoTheLabyrinth/Content/Characters/Maria/animations/walking.uasset" 18
"../../../../../../Users/dadas/Documents/Unreal Projects/IntoTheLabyrinth/Content/Characters/Maria/animations/Maria_BlendSpace.uasset" 19
"../../../Engine/Content/EditorBlueprintResources/StandardMacros.uasset" 20
"../../../../../../Users/dadas/Documents/Unreal Projects/IntoTheLabyrinth/Content/items/structures/Items.uasset" 21
"../../../../../../Users/dadas/Documents/Unreal Projects/IntoTheLabyrinth/Content/items/structures/LevelDoors.uasset" 22
"../../../../../../Users/dadas/Documents/Unreal Projects/IntoTheLabyrinth/Content/items/structures/structure_item_complete.uasset" 23
"../../../../../../Users/dadas/Documents/Unreal Projects/IntoTheLabyrinth/Content/UI/Fonts/INKFREE.uasset" 24
"../../../../../../Users/dadas/Documents/Unreal Projects/IntoTheLabyrinth/Content/UI/Fonts/INKFREE_Font.uasset" 25
"../../../../../../Users/dadas/Documents/Unreal Projects/IntoTheLabyrinth/Content/items/frameSlot.uasset" 26
"../../../../../../Users/dadas/Documents/Unreal Projects/IntoTheLabyrinth/Content/UI/WB_Item.uasset" 27
"../../../../../../Users/dadas/Documents/Unreal Projects/IntoTheLabyrinth/Content/sounds/321083__benjaminnelan__wooden-click.uasset" 28
"../../../../../../Users/dadas/Documents/Unreal Projects/IntoTheLabyrinth/Content/UI/Textures/Keyboard_Bg.uasset" 29
"../../../../../../Users/dadas/Documents/Unreal Projects/IntoTheLabyrinth/Content/UI/Textures/bg_Screen.uasset" 30
"../../../../../../Users/dadas/Documents/Unreal Projects/IntoTheLabyrinth/Content/UI/WB_MenuPause.uasset" 31
"../../../../../../Users/dadas/Documents/Unreal Projects/IntoTheLabyrinth/Content/items/structures/structure_piece.uasset" 32
"../../../../../../Users/dadas/Documents/Unreal Projects/IntoTheLabyrinth/Content/UI/WB_Piece.uasset" 33
"../../../../../../Users/dadas/Documents/Unreal Projects/IntoTheLabyrinth/Content/UI/WB_puzzle.uasset" 34
"../../../../../../Users/dadas/Documents/Unreal Projects/IntoTheLabyrinth/Content/UI/WB_Inventory.uasset" 35
"../../../../../../Users/dadas/Documents/Unreal Projects/IntoTheLabyrinth/Content/Blueprints/BP_SaveGame.uasset" 36
"../../../../../../Users/dadas/Documents/Unreal Projects/IntoTheLabyrinth/Content/Blueprints/BP_GameInstance.uasset" 37
"../../../../../../Users/dadas/Documents/Unreal Projects/IntoTheLabyrinth/Content/Characters/Maria/animations/PickFruit.uasset" 38
"../../../../../../Users/dadas/Documents/Unreal Projects/IntoTheLabyrinth/Content/Characters/Maria/animations/PickFruit_montage.uasset" 39
"../../../../../../Users/dadas/Documents/Unreal Projects/IntoTheLabyrinth/Content/items/structures/structure_item.uasset" 40
"../../../../../../Users/dadas/Documents/Unreal Projects/IntoTheLabyrinth/Content/Textures/Key_Albedo.uasset" 41
"../../../../../../Users/dadas/Documents/Unreal Projects/IntoTheLabyrinth/Content/Textures/Key_Norm.uasset" 42
"../../../../../../Users/dadas/Documents/Unreal Projects/IntoTheLabyrinth/Content/Textures/Key_Roughness.uasset" 43
"../../../../../../Users/dadas/Documents/Unreal Projects/IntoTheLabyrinth/Content/materials/Key1.uasset" 44
"../../../../../../Users/dadas/Documents/Unreal Projects/IntoTheLabyrinth/Content/meshes/KEY.uasset" 45
"../../../../../../Users/dadas/Documents/Unreal Projects/IntoTheLabyrinth/Content/Textures/T_Detail_N.uasset" 46
"../../../../../../Users/dadas/Documents/Unreal Projects/IntoTheLabyrinth/Content/Textures/T_Pack_01_D.uasset" 47
"../../../../../../Users/dadas/Documents/Unreal Projects/IntoTheLabyrinth/Content/Textures/T_Pack_01_N.uasset" 48
"../../../../../../Users/dadas/Documents/Unreal Projects/IntoTheLabyrinth/Content/Textures/T_Pack_01_RM.uasset" 49
"../../../../../../Users/dadas/Documents/Unreal Projects/IntoTheLabyrinth/Content/Textures/T_Pack_03_E.uasset" 50
"../../../../../../Users/dadas/Documents/Unreal Projects/IntoTheLabyrinth/Content/Materials/M_Uber.uasset" 51
"../../../../../../Users/dadas/Documents/Unreal Projects/IntoTheLabyrinth/Content/Textures/T_Pack_02_D.uasset" 52
"../../../../../../Users/dadas/Documents/Unreal Projects/IntoTheLabyrinth/Content/Textures/T_Pack_02_N.uasset" 53
"../../../../../../Users/dadas/Documents/Unreal Projects/IntoTheLabyrinth/Content/Textures/T_Pack_02_RM.uasset" 54
"../../../../../../Users/dadas/Documents/Unreal Projects/IntoTheLabyrinth/Content/materials/M_Inst_Pack_02.uasset" 55
"../../../../../../Users/dadas/Documents/Unreal Projects/IntoTheLabyrinth/Content/meshes/SM_Mushroom_Var01.uasset" 56
"../../../../../../Users/dadas/Documents/Unreal Projects/IntoTheLabyrinth/Content/meshes/SM_Mushroom_Var03.uasset" 57
"../../../../../../Users/dadas/Documents/Unreal Projects/IntoTheLabyrinth/Content/meshes/SM_Mushroom_Var04.uasset" 58
"../../../../../../Users/dadas/Documents/Unreal Projects/IntoTheLabyrinth/Content/meshes/SM_Mushroom_Var05.uasset" 59
"../../../../../../Users/dadas/Documents/Unreal Projects/IntoTheLabyrinth/Content/meshes/SM_Mushroom_Var06.uasset" 60
"../../../../../../Users/dadas/Documents/Unreal Projects/IntoTheLabyrinth/Content/UI/Textures/key.uasset" 61
"../../../../../../Users/dadas/Documents/Unreal Projects/IntoTheLabyrinth/Content/UI/Textures/mushroom-64.uasset" 62
"../../../../../../Users/dadas/Documents/Unreal Projects/IntoTheLabyrinth/Content/items/structures/Items_table.uasset" 63
"../../../../../../Users/dadas/Documents/Unreal Projects/IntoTheLabyrinth/Content/Textures/T_Pack_11_Leafs_DO.uasset" 64
"../../../../../../Users/dadas/Documents/Unreal Projects/IntoTheLabyrinth/Content/Materials/M_Pfx_Additive.uasset" 65
"../../../../../../Users/dadas/Documents/Unreal Projects/IntoTheLabyrinth/Content/Textures/Effects/T_Pfx_Spark.uasset" 66
"../../../../../../Users/dadas/Documents/Unreal Projects/IntoTheLabyrinth/Content/Materials/M_Inst_Pfx_Sparks.uasset" 67
"../../../../../../Users/dadas/Documents/Unreal Projects/IntoTheLabyrinth/Content/Effects/Pfx_LightInsects.uasset" 68
"../../../../../../Users/dadas/Documents/Unreal Projects/IntoTheLabyrinth/Content/sounds/384867__ali-6868__right-grass-grassy-footstep-2.uasset" 69
"../../../../../../Users/dadas/Documents/Unreal Projects/IntoTheLabyrinth/Content/Textures/pergamino.uasset" 70
"../../../../../../Users/dadas/Documents/Unreal Projects/IntoTheLabyrinth/Content/UI/WB_infoItem.uasset" 71
"../../../../../../Users/dadas/Documents/Unreal Projects/IntoTheLabyrinth/Content/items/BP_item.uasset" 72
"../../../../../../Users/dadas/Documents/Unreal Projects/IntoTheLabyrinth/Content/minimap/MinimapRenderTarget.uasset" 73
"../../../../../../Users/dadas/Documents/Unreal Projects/IntoTheLabyrinth/Content/minimap/BP_SceneCapture.uasset" 74
"../../../../../../Users/dadas/Documents/Unreal Projects/IntoTheLabyrinth/Content/Characters/Maria/textures/MariaBody.uasset" 75
"../../../../../../Users/dadas/Documents/Unreal Projects/IntoTheLabyrinth/Content/Characters/Maria/Materials/MariaBodyMaterial.uasset" 76
"../../../../../../Users/dadas/Documents/Unreal Projects/IntoTheLabyrinth/Content/Characters/Maria/textures/MariaHair.uasset" 77
"../../../../../../Users/dadas/Documents/Unreal Projects/IntoTheLabyrinth/Content/Characters/Maria/Materials/MariaHairMaterial.uasset" 78
"../../../../../../Users/dadas/Documents/Unreal Projects/IntoTheLabyrinth/Content/Characters/Maria/Mesh/Maria_PhysicsAsset.uasset" 79
"../../../../../../Users/dadas/Documents/Unreal Projects/IntoTheLabyrinth/Content/Characters/Maria/Mesh/Maria.uasset" 80
"../../../../../../Users/dadas/Documents/Unreal Projects/IntoTheLabyrinth/Content/minimap/reddot.uasset" 81
"../../../../../../Users/dadas/Documents/Unreal Projects/IntoTheLabyrinth/Content/minimap/reddot_Sprite.uasset" 82
"../../../../../../Users/dadas/Documents/Unreal Projects/IntoTheLabyrinth/Content/sounds/Elven_Harmonies__no_percussion_.uasset" 83
"../../../../../../Users/dadas/Documents/Unreal Projects/IntoTheLabyrinth/Content/sounds/introTheme.uasset" 84
"../../../../../../Users/dadas/Documents/Unreal Projects/IntoTheLabyrinth/Content/sounds/ambient_cue.uasset" 85
"../../../../../../Users/dadas/Documents/Unreal Projects/IntoTheLabyrinth/Content/UI/Textures/brawnmushroom.uasset" 86
"../../../../../../Users/dadas/Documents/Unreal Projects/IntoTheLabyrinth/Content/UI/Textures/mushroom.uasset" 87
"../../../../../../Users/dadas/Documents/Unreal Projects/IntoTheLabyrinth/Content/UI/Textures/Yellowmushroom.uasset" 88
"../../../../../../Users/dadas/Documents/Unreal Projects/IntoTheLabyrinth/Content/UI/WB_EndGame.uasset" 89
"../../../../../../Users/dadas/Documents/Unreal Projects/IntoTheLabyrinth/Content/minimap/MinimapRenderTargetMaterial.uasset" 90
"../../../../../../Users/dadas/Documents/Unreal Projects/IntoTheLabyrinth/Content/UI/Textures/buttonMask.uasset" 91
"../../../../../../Users/dadas/Documents/Unreal Projects/IntoTheLabyrinth/Content/UI/Textures/characterIcon.uasset" 92
"../../../../../../Users/dadas/Documents/Unreal Projects/IntoTheLabyrinth/Content/UI/Textures/flower.uasset" 93
"../../../../../../Users/dadas/Documents/Unreal Projects/IntoTheLabyrinth/Content/UI/Textures/purplemushroom.uasset" 94
"../../../../../../Users/dadas/Documents/Unreal Projects/IntoTheLabyrinth/Content/UI/Textures/whaitmushroom.uasset" 95
"../../../../../../Users/dadas/Documents/Unreal Projects/IntoTheLabyrinth/Content/UI/WB_HUD.uasset" 96
"../../../../../../Users/dadas/Documents/Unreal Projects/IntoTheLabyrinth/Content/UI/WB_pointer.uasset" 97
"../../../../../../Users/dadas/Documents/Unreal Projects/IntoTheLabyrinth/Content/Characters/Maria/BP/BP_Maria.uasset" 98
"../../../../../../Users/dadas/Documents/Unreal Projects/IntoTheLabyrinth/Content/Characters/Maria/animations/Maria_animationBP.uasset" 99
"../../../../../../Users/dadas/Documents/Unreal Projects/IntoTheLabyrinth/Content/UI/Textures/document.uasset" 100
"../../../../../../Users/dadas/Documents/Unreal Projects/IntoTheLabyrinth/Content/UI/WB_StartGame.uasset" 101
"../../../../../../Users/dadas/Documents/Unreal Projects/IntoTheLabyrinth/Content/Blueprints/startGameTrigerVolume.uasset" 102
"../../../Engine/Content/Functions/Engine_MaterialFunctions01/Opacity/CameraDepthFade.uasset" 103
"../../../Engine/Content/EngineMaterials/T_Default_Material_Grid_M.uasset" 104
"../../../Engine/Content/EngineMaterials/T_Default_Material_Grid_N.uasset" 105
"../../../Engine/Content/EngineMaterials/WorldGridMaterial.uasset" 106
"../../../Engine/Content/BasicShapes/Cube.uasset" 107
"../../../../../../Users/dadas/Documents/Unreal Projects/IntoTheLabyrinth/Content/Blueprints/wall2.uasset" 108
"../../../../../../Users/dadas/Documents/Unreal Projects/IntoTheLabyrinth/Content/Characters/Maria/animations/Maria_defaultblendspace_2D.uasset" 109
"../../../../../../Users/dadas/Documents/Unreal Projects/IntoTheLabyrinth/Content/Characters/Maria/animations/Push_Start.uasset" 110
"../../../../../../Users/dadas/Documents/Unreal Projects/IntoTheLabyrinth/Content/Characters/Maria/animations/Push_Stop.uasset" 111
"../../../../../../Users/dadas/Documents/Unreal Projects/IntoTheLabyrinth/Content/Characters/Maria/BP/BP_New.uasset" 112
"../../../../../../Users/dadas/Documents/Unreal Projects/IntoTheLabyrinth/Content/Characters/Maria/BP/ThirdPersonGameMode.uasset" 113
"../../../../../../Users/dadas/Documents/Unreal Projects/IntoTheLabyrinth/Content/Textures/T_Pack_08_D.uasset" 114
"../../../../../../Users/dadas/Documents/Unreal Projects/IntoTheLabyrinth/Content/Textures/T_Pack_08_N.uasset" 115
"../../../../../../Users/dadas/Documents/Unreal Projects/IntoTheLabyrinth/Content/Textures/T_Pack_08_RM.uasset" 116
"../../../../../../Users/dadas/Documents/Unreal Projects/IntoTheLabyrinth/Content/materials/M_Inst_Pack_08.uasset" 117
"../../../../../../Users/dadas/Documents/Unreal Projects/IntoTheLabyrinth/Content/meshes/SM_Stone_Big_Var02.uasset" 118
"../../../../../../Users/dadas/Documents/Unreal Projects/IntoTheLabyrinth/Content/foliage/SM_Stone_Big_Var02_FoliageType.uasset" 119
"../../../../../../Users/dadas/Documents/Unreal Projects/IntoTheLabyrinth/Content/meshes/SM_Stone_Small_Var02.uasset" 120
"../../../../../../Users/dadas/Documents/Unreal Projects/IntoTheLabyrinth/Content/foliage/SM_Stone_Small_Var02_FoliageType.uasset" 121
"../../../../../../Users/dadas/Documents/Unreal Projects/IntoTheLabyrinth/Content/meshes/SM_Stone_Small_Var03.uasset" 122
"../../../../../../Users/dadas/Documents/Unreal Projects/IntoTheLabyrinth/Content/foliage/SM_Stone_Small_Var03_FoliageType.uasset" 123
"../../../../../../Users/dadas/Documents/Unreal Projects/IntoTheLabyrinth/Content/meshes/SM_Stone_Small_Var04.uasset" 124
"../../../../../../Users/dadas/Documents/Unreal Projects/IntoTheLabyrinth/Content/foliage/SM_Stone_Small_Var04_FoliageType.uasset" 125
"../../../../../../Users/dadas/Documents/Unreal Projects/IntoTheLabyrinth/Content/Textures/T_Pack_TreeLeafs_D.uasset" 126
"../../../../../../Users/dadas/Documents/Unreal Projects/IntoTheLabyrinth/Content/Textures/T_Pack_TreeLeafs_Mask.uasset" 127
"../../../../../../Users/dadas/Documents/Unreal Projects/IntoTheLabyrinth/Content/Textures/T_Pack_TreeLeafs_N.uasset" 128
"../../../../../../Users/dadas/Documents/Unreal Projects/IntoTheLabyrinth/Content/Textures/T_Pack_TreeLeafs_O.uasset" 129
"../../../../../../Users/dadas/Documents/Unreal Projects/IntoTheLabyrinth/Content/Textures/T_Pack_TreeLeafs_RM.uasset" 130
"../../../../../../Users/dadas/Documents/Unreal Projects/IntoTheLabyrinth/Content/Materials/M_Uber_Cutout_Wind.uasset" 131
"../../../../../../Users/dadas/Documents/Unreal Projects/IntoTheLabyrinth/Content/materials/M_Inst_TreeLeafs.uasset" 132
"../../../../../../Users/dadas/Documents/Unreal Projects/IntoTheLabyrinth/Content/Textures/T_Pack_TreeTrunks_D.uasset" 133
"../../../../../../Users/dadas/Documents/Unreal Projects/IntoTheLabyrinth/Content/Textures/T_Pack_TreeTrunks_N.uasset" 134
"../../../../../../Users/dadas/Documents/Unreal Projects/IntoTheLabyrinth/Content/Textures/T_Pack_TreeTrunks_RM.uasset" 135
"../../../../../../Users/dadas/Documents/Unreal Projects/IntoTheLabyrinth/Content/materials/M_Inst_TreeTrunks.uasset" 136
"../../../../../../Users/dadas/Documents/Unreal Projects/IntoTheLabyrinth/Content/meshes/SM_Tree_Var02.uasset" 137
"../../../../../../Users/dadas/Documents/Unreal Projects/IntoTheLabyrinth/Content/foliage/SM_Tree_Var02_FoliageType.uasset" 138
"../../../../../../Users/dadas/Documents/Unreal Projects/IntoTheLabyrinth/Content/meshes/SM_Tree_Var03.uasset" 139
"../../../../../../Users/dadas/Documents/Unreal Projects/IntoTheLabyrinth/Content/foliage/SM_Tree_Var03_FoliageType.uasset" 140
"../../../../../../Users/dadas/Documents/Unreal Projects/IntoTheLabyrinth/Content/meshes/SM_Tree_Var04.uasset" 141
"../../../../../../Users/dadas/Documents/Unreal Projects/IntoTheLabyrinth/Content/foliage/SM_Tree_Var04_FoliageType.uasset" 142
"../../../../../../Users/dadas/Documents/Unreal Projects/IntoTheLabyrinth/Content/meshes/SM_Tree_Var05.uasset" 143
"../../../../../../Users/dadas/Documents/Unreal Projects/IntoTheLabyrinth/Content/foliage/SM_Tree_Var05_FoliageType.uasset" 144
"../../../../../../Users/dadas/Documents/Unreal Projects/IntoTheLabyrinth/Content/Textures/intro/elboscMax.uasset" 145
"../../../../../../Users/dadas/Documents/Unreal Projects/IntoTheLabyrinth/Content/Textures/intro/elboscMax_Sprite.uasset" 146
"../../../../../../Users/dadas/Documents/Unreal Projects/IntoTheLabyrinth/Content/Textures/intro/grifoMax.uasset" 147
"../../../../../../Users/dadas/Documents/Unreal Projects/IntoTheLabyrinth/Content/Textures/intro/grifoMax_Sprite.uasset" 148
"../../../../../../Users/dadas/Documents/Unreal Projects/IntoTheLabyrinth/Content/Textures/intro/labruixaMax.uasset" 149
"../../../../../../Users/dadas/Documents/Unreal Projects/IntoTheLabyrinth/Content/Textures/intro/labruixaMax_Sprite.uasset" 150
"../../../../../../Users/dadas/Documents/Unreal Projects/IntoTheLabyrinth/Content/Textures/intro/LescalaMax.uasset" 151
"../../../../../../Users/dadas/Documents/Unreal Projects/IntoTheLabyrinth/Content/Textures/intro/LescalaMax_Sprite.uasset" 152
"../../../../../../Users/dadas/Documents/Unreal Projects/IntoTheLabyrinth/Content/Textures/intro/mariaMax.uasset" 153
"../../../../../../Users/dadas/Documents/Unreal Projects/IntoTheLabyrinth/Content/Textures/intro/mariaMax_Sprite.uasset" 154
"../../../../../../Users/dadas/Documents/Unreal Projects/IntoTheLabyrinth/Content/Textures/intro/portaambclauMax.uasset" 155
"../../../../../../Users/dadas/Documents/Unreal Projects/IntoTheLabyrinth/Content/Textures/intro/portaambclauMax_Sprite.uasset" 156
"../../../../../../Users/dadas/Documents/Unreal Projects/IntoTheLabyrinth/Content/intro/intro.uasset" 157
"../../../../../../Users/dadas/Documents/Unreal Projects/IntoTheLabyrinth/Content/items/BP_resource.uasset" 158
"../../../../../../Users/dadas/Documents/Unreal Projects/IntoTheLabyrinth/Content/items/structures/pieces.uasset" 159
"../../../../../../Users/dadas/Documents/Unreal Projects/IntoTheLabyrinth/Content/Mannequin/Character/Mesh/UE4_Mannequin_Skeleton.uasset" 160
"../../../../../../Users/dadas/Documents/Unreal Projects/IntoTheLabyrinth/Content/Mannequin/Animations/ThirdPersonJump_End.uasset" 161
"../../../../../../Users/dadas/Documents/Unreal Projects/IntoTheLabyrinth/Content/Mannequin/Animations/ThirdPerson_Jump.uasset" 162
"../../../../../../Users/dadas/Documents/Unreal Projects/IntoTheLabyrinth/Content/Mannequin/Animations/ThirdPersonJump_Loop.uasset" 163
"../../../../../../Users/dadas/Documents/Unreal Projects/IntoTheLabyrinth/Content/Mannequin/Animations/ThirdPersonJump_Start.uasset" 164
"../../../../../../Users/dadas/Documents/Unreal Projects/IntoTheLabyrinth/Content/Mannequin/Animations/ThirdPersonIdle.uasset" 165
"../../../../../../Users/dadas/Documents/Unreal Projects/IntoTheLabyrinth/Content/Mannequin/Animations/ThirdPersonRun.uasset" 166
"../../../../../../Users/dadas/Documents/Unreal Projects/IntoTheLabyrinth/Content/Mannequin/Animations/ThirdPersonWalk.uasset" 167
"../../../../../../Users/dadas/Documents/Unreal Projects/IntoTheLabyrinth/Content/Mannequin/Animations/ThirdPerson_IdleRun_2D.uasset" 168
"../../../../../../Users/dadas/Documents/Unreal Projects/IntoTheLabyrinth/Content/Mannequin/Animations/ThirdPerson_AnimBP.uasset" 169
"../../../Engine/Content/Functions/Engine_MaterialFunctions02/Utility/BlendAngleCorrectedNormals.uasset" 170
"../../../Engine/Content/Functions/MaterialLayerFunctions/MatLayerBlend_NormalBlend.uasset" 171
"../../../Engine/Content/Functions/MaterialLayerFunctions/MatLayerBlend_Simple.uasset" 172
"../../../../../../Users/dadas/Documents/Unreal Projects/IntoTheLabyrinth/Content/Mannequin/Character/Materials/MaterialLayers/T_ML_Rubber_Blue_01_D.uasset" 173
"../../../../../../Users/dadas/Documents/Unreal Projects/IntoTheLabyrinth/Content/Mannequin/Character/Materials/MaterialLayers/T_ML_Rubber_Blue_01_N.uasset" 174
"../../../../../../Users/dadas/Documents/Unreal Projects/IntoTheLabyrinth/Content/Mannequin/Character/Materials/MaterialLayers/ML_GlossyBlack_Latex_UE4.uasset" 175
"../../../../../../Users/dadas/Documents/Unreal Projects/IntoTheLabyrinth/Content/Mannequin/Character/Materials/MaterialLayers/ML_Plastic_Shiny_Beige.uasset" 176
"../../../../../../Users/dadas/Documents/Unreal Projects/IntoTheLabyrinth/Content/Mannequin/Character/Textures/UE4_LOGO_CARD.uasset" 177
"../../../../../../Users/dadas/Documents/Unreal Projects/IntoTheLabyrinth/Content/Mannequin/Character/Materials/MaterialLayers/ML_Plastic_Shiny_Beige_LOGO.uasset" 178
"../../../../../../Users/dadas/Documents/Unreal Projects/IntoTheLabyrinth/Content/Mannequin/Character/Materials/MaterialLayers/T_ML_Aluminum01.uasset" 179
"../../../../../../Users/dadas/Documents/Unreal Projects/IntoTheLabyrinth/Content/Mannequin/Character/Materials/MaterialLayers/T_ML_Aluminum01_N.uasset" 180
"../../../../../../Users/dadas/Documents/Unreal Projects/IntoTheLabyrinth/Content/Mannequin/Character/Materials/MaterialLayers/ML_SoftMetal_UE4.uasset" 181
"../../../../../../Users/dadas/Documents/Unreal Projects/IntoTheLabyrinth/Content/Mannequin/Character/Textures/UE4_Mannequin__normals.uasset" 182
"../../../../../../Users/dadas/Documents/Unreal Projects/IntoTheLabyrinth/Content/Mannequin/Character/Textures/UE4_Mannequin_MAT_MASKA.uasset" 183
"../../../../../../Users/dadas/Documents/Unreal Projects/IntoTheLabyrinth/Content/Mannequin/Character/Materials/M_UE4Man_Body.uasset" 184
"../../../../../../Users/dadas/Documents/Unreal Projects/IntoTheLabyrinth/Content/Mannequin/Character/Textures/UE4Man_Logo_N.uasset" 185
"../../../../../../Users/dadas/Documents/Unreal Projects/IntoTheLabyrinth/Content/Mannequin/Character/Materials/M_UE4Man_ChestLogo.uasset" 186
"../../../../../../Users/dadas/Documents/Unreal Projects/IntoTheLabyrinth/Content/Mannequin/Character/Mesh/SK_Mannequin_PhysicsAsset.uasset" 187
"../../../../../../Users/dadas/Documents/Unreal Projects/IntoTheLabyrinth/Content/Mannequin/Character/Mesh/SK_Mannequin.uasset" 188
"../../../../../../Users/dadas/Documents/Unreal Projects/IntoTheLabyrinth/Content/materials/black.uasset" 189
"../../../../../../Users/dadas/Documents/Unreal Projects/IntoTheLabyrinth/Content/materials/HUD_Mask.uasset" 190
"../../../../../../Users/dadas/Documents/Unreal Projects/IntoTheLabyrinth/Content/meshes/T_Pack_03_D.uasset" 191
"../../../../../../Users/dadas/Documents/Unreal Projects/IntoTheLabyrinth/Content/materials/Material__25.uasset" 192
"../../../../../../Users/dadas/Documents/Unreal Projects/IntoTheLabyrinth/Content/meshes/TexturesCom_Trees0108_masked_S.uasset" 193
"../../../../../../Users/dadas/Documents/Unreal Projects/IntoTheLabyrinth/Content/materials/Material__26.uasset" 194
"../../../../../../Users/dadas/Documents/Unreal Projects/IntoTheLabyrinth/Content/Textures/Landscape/T_Foliage_Var01_D.uasset" 195
"../../../../../../Users/dadas/Documents/Unreal Projects/IntoTheLabyrinth/Content/Textures/Landscape/T_Foliage_Var01_O.uasset" 196
"../../../../../../Users/dadas/Documents/Unreal Projects/IntoTheLabyrinth/Content/Materials/M_Simple_Cutout_Wind.uasset" 197
"../../../../../../Users/dadas/Documents/Unreal Projects/IntoTheLabyrinth/Content/Textures/Landscape/T_Foliage_Var03_D.uasset" 198
"../../../../../../Users/dadas/Documents/Unreal Projects/IntoTheLabyrinth/Content/Textures/Landscape/T_Foliage_Var03_O.uasset" 199
"../../../../../../Users/dadas/Documents/Unreal Projects/IntoTheLabyrinth/Content/materials/M_Inst_Landscape_Foliage_Var03.uasset" 200
"../../../../../../Users/dadas/Documents/Unreal Projects/IntoTheLabyrinth/Content/materials/tree_billboard.uasset" 201
"../../../../../../Users/dadas/Documents/Unreal Projects/IntoTheLabyrinth/Content/materials/UIMaskMaterial.uasset" 202
"../../../../../../Users/dadas/Documents/Unreal Projects/IntoTheLabyrinth/Content/materials/Surface/04_Sloppy_Old_Brickwall_2x2_M_si2ncdkb/si2ncdkb_8K_Albedo.uasset" 203
"../../../../../../Users/dadas/Documents/Unreal Projects/IntoTheLabyrinth/Content/materials/Surface/04_Sloppy_Old_Brickwall_2x2_M_si2ncdkb/si2ncdkb_8K_Normal.uasset" 204
"../../../../../../Users/dadas/Documents/Unreal Projects/IntoTheLabyrinth/Content/materials/Surface/04_Sloppy_Old_Brickwall_2x2_M_si2ncdkb/si2ncdkb_8K_Roughness.uasset" 205
"../../../../../../Users/dadas/Documents/Unreal Projects/IntoTheLabyrinth/Content/Textures/Landscape/ground_mud_bsm_8192.uasset" 206
"../../../../../../Users/dadas/Documents/Unreal Projects/IntoTheLabyrinth/Content/Textures/Landscape/ground_mud_nrm_8192.uasset" 207
"../../../../../../Users/dadas/Documents/Unreal Projects/IntoTheLabyrinth/Content/Textures/Landscape/T_Landscape_Grass_DH.uasset" 208
"../../../../../../Users/dadas/Documents/Unreal Projects/IntoTheLabyrinth/Content/Textures/Landscape/T_Landscape_Grass_N.uasset" 209
"../../../../../../Users/dadas/Documents/Unreal Projects/IntoTheLabyrinth/Content/materials/wall_mat1.uasset" 210
"../../../../../../Users/dadas/Documents/Unreal Projects/IntoTheLabyrinth/Content/Textures/Effects/T_Water_N.uasset" 211
"../../../../../../Users/dadas/Documents/Unreal Projects/IntoTheLabyrinth/Content/materials/water_material.uasset" 212
"../../../../../../Users/dadas/Documents/Unreal Projects/IntoTheLabyrinth/Content/materials/Surface/04_Sloppy_Old_Brickwall_2x2_M_si2ncdkb/04_Sloppy_Old_Brickwall_2x2_M_si2ncdkb_8K_inst.uasset" 213
"../../../../../../Users/dadas/Documents/Unreal Projects/IntoTheLabyrinth/Content/materials/Surface/04_Sloppy_Old_Brickwall_2x2_M_si2ncdkb/si2ncdkb_8K_Displacement.uasset" 214
"../../../Engine/Content/BasicShapes/BasicShapeMaterial.uasset" 215
"../../../../../../Users/dadas/Documents/Unreal Projects/IntoTheLabyrinth/Content/meshes/cube.uasset" 216
"../../../../../../Users/dadas/Documents/Unreal Projects/IntoTheLabyrinth/Content/meshes/wall_mat1.uasset" 217
"../../../../../../Users/dadas/Documents/Unreal Projects/IntoTheLabyrinth/Content/minimap/Minimap.uasset" 218
"../../../../../../Users/dadas/Documents/Unreal Projects/IntoTheLabyrinth/Content/minimap/Minimap_Sprite.uasset" 219
"../../../../../../Users/dadas/Documents/Unreal Projects/IntoTheLabyrinth/Content/minimap/WB_MinimapUI.uasset" 220
"../../../../../../Users/dadas/Documents/Unreal Projects/IntoTheLabyrinth/Content/sounds/350872__cabled-mess__coin-c-01.uasset" 221
"../../../../../../Users/dadas/Documents/Unreal Projects/IntoTheLabyrinth/Content/sounds/350875__cabled-mess__coin-c-07.uasset" 222
"../../../../../../Users/dadas/Documents/Unreal Projects/IntoTheLabyrinth/Content/sounds/350876__cabled-mess__coin-c-09.uasset" 223
"../../../../../../Users/dadas/Documents/Unreal Projects/IntoTheLabyrinth/Content/sounds/384863__ali-6868__left-grass-grassy-footstep-4.uasset" 224
"../../../../../../Users/dadas/Documents/Unreal Projects/IntoTheLabyrinth/Content/sounds/384865__ali-6868__left-grass-grassy-footstep-6.uasset" 225
"../../../../../../Users/dadas/Documents/Unreal Projects/IntoTheLabyrinth/Content/sounds/384866__ali-6868__right-grass-grassy-footstep-3.uasset" 226
"../../../../../../Users/dadas/Documents/Unreal Projects/IntoTheLabyrinth/Content/sounds/384868__ali-6868__right-grass-grassy-footstep-5.uasset" 227
"../../../../../../Users/dadas/Documents/Unreal Projects/IntoTheLabyrinth/Content/sounds/384869__ali-6868__right-grass-grassy-footstep-4.uasset" 228
"../../../../../../Users/dadas/Documents/Unreal Projects/IntoTheLabyrinth/Content/sounds/menuTheme.uasset" 229
"../../../../../../Users/dadas/Documents/Unreal Projects/IntoTheLabyrinth/Content/sounds/mushroom_cue.uasset" 230
"../../../../../../Users/dadas/Documents/Unreal Projects/IntoTheLabyrinth/Content/sounds/Starter_Birds01.uasset" 231
"../../../../../../Users/dadas/Documents/Unreal Projects/IntoTheLabyrinth/Content/sounds/voice_female_a_effort_jump_action_05.uasset" 232
"../../../../../../Users/dadas/Documents/Unreal Projects/IntoTheLabyrinth/Content/sounds/voice_female_a_effort_jump_action_08.uasset" 233
"../../../../../../Users/dadas/Documents/Unreal Projects/IntoTheLabyrinth/Content/sounds/voice_female_a_effort_jump_action_09.uasset" 234
"../../../../../../Users/dadas/Documents/Unreal Projects/IntoTheLabyrinth/Content/Textures/Landscape/grass_alpha_bsm.uasset" 235
"../../../../../../Users/dadas/Documents/Unreal Projects/IntoTheLabyrinth/Content/Textures/Landscape/grass_alpha_nrm.uasset" 236
"../../../../../../Users/dadas/Documents/Unreal Projects/IntoTheLabyrinth/Content/Textures/Landscape/grass_alpha_rgm.uasset" 237
"../../../../../../Users/dadas/Documents/Unreal Projects/IntoTheLabyrinth/Content/Textures/Landscape/ground_mud_no_puddle_bsm_8192.uasset" 238
"../../../../../../Users/dadas/Documents/Unreal Projects/IntoTheLabyrinth/Content/Textures/Landscape/ground_mud_no_puddle_nrm_8192.uasset" 239
"../../../../../../Users/dadas/Documents/Unreal Projects/IntoTheLabyrinth/Content/Textures/Landscape/ground_mud_no_puddle_rgm_8192.uasset" 240
"../../../../../../Users/dadas/Documents/Unreal Projects/IntoTheLabyrinth/Content/Textures/Landscape/ground_mud_no_puddle_spe_8192.uasset" 241
"../../../../../../Users/dadas/Documents/Unreal Projects/IntoTheLabyrinth/Content/Textures/Landscape/ground_mud_plx_8192.uasset" 242
"../../../../../../Users/dadas/Documents/Unreal Projects/IntoTheLabyrinth/Content/Textures/Landscape/rock_ground_mud-1_AO.uasset" 243
"../../../../../../Users/dadas/Documents/Unreal Projects/IntoTheLabyrinth/Content/Textures/Landscape/rock_ground_mud-1_bsm.uasset" 244
"../../../../../../Users/dadas/Documents/Unreal Projects/IntoTheLabyrinth/Content/Textures/Landscape/rock_ground_mud-1_nrm.uasset" 245
"../../../../../../Users/dadas/Documents/Unreal Projects/IntoTheLabyrinth/Content/Textures/Landscape/rock_ground_mud-1_plx.uasset" 246
"../../../../../../Users/dadas/Documents/Unreal Projects/IntoTheLabyrinth/Content/Textures/Landscape/rock_ground_mud-1_spe.uasset" 247
"../../../../../../Users/dadas/Documents/Unreal Projects/IntoTheLabyrinth/Content/UI/WB_MenuOptions.uasset" 248
"../../../../../../Users/dadas/Documents/Unreal Projects/IntoTheLabyrinth/Content/UI/MiniMap/Minimap_data.uasset" 249
"../../../../../../Users/dadas/Documents/Unreal Projects/IntoTheLabyrinth/Content/UI/MiniMap/Minimap.uasset" 250
"../../../../../../Users/dadas/Documents/Unreal Projects/IntoTheLabyrinth/Content/UI/MiniMap/Minimap_Material.uasset" 251
"../../../../../../Users/dadas/Documents/Unreal Projects/IntoTheLabyrinth/Content/UI/MiniMap/Minimap_Material_Inst.uasset" 252
"../../../../../../Users/dadas/Documents/Unreal Projects/IntoTheLabyrinth/Content/UI/MiniMap/reddot.uasset" 253
"../../../../../../Users/dadas/Documents/Unreal Projects/IntoTheLabyrinth/Content/UI/MiniMap/BP_PlayerIcon.uasset" 254
"../../../../../../Users/dadas/Documents/Unreal Projects/IntoTheLabyrinth/Content/UI/MiniMap/WB_Minimap.uasset" 255
"../../../../../../Users/dadas/Documents/Unreal Projects/IntoTheLabyrinth/Content/UI/Textures/backpack.uasset" 256
"../../../../../../Users/dadas/Documents/Unreal Projects/IntoTheLabyrinth/Content/UI/Textures/buttonMaskRing.uasset" 257
"../../../../../../Users/dadas/Documents/Unreal Projects/IntoTheLabyrinth/Content/UI/Textures/circle_mask.uasset" 258
"../../../../../../Users/dadas/Documents/Unreal Projects/IntoTheLabyrinth/Content/UI/Textures/climb_icon.uasset" 259
"../../../../../../Users/dadas/Documents/Unreal Projects/IntoTheLabyrinth/Content/UI/Textures/grab.uasset" 260
"../../../../../../Users/dadas/Documents/Unreal Projects/IntoTheLabyrinth/Content/UI/Textures/jump_icon.uasset" 261
"../../../../../../Users/dadas/Documents/Unreal Projects/IntoTheLabyrinth/Content/UI/Textures/keyboard-key.uasset" 262
"../../../../../../Users/dadas/Documents/Unreal Projects/IntoTheLabyrinth/Content/UI/Textures/power_icon.uasset" 263
"../../../../../../Users/dadas/Documents/Unreal Projects/IntoTheLabyrinth/Content/UI/Textures/puzzle.uasset" 264
"../../../../../../Users/dadas/Documents/Unreal Projects/IntoTheLabyrinth/Content/UI/Textures/roots.uasset" 265
"../../../../../../Users/dadas/Documents/Unreal Projects/IntoTheLabyrinth/Content/UI/Textures/shield_icon.uasset" 266
"../../../../../../Users/dadas/Documents/Unreal Projects/IntoTheLabyrinth/Content/UI/Textures/strongman.uasset" 267
"../../../../../../Users/dadas/Documents/Unreal Projects/IntoTheLabyrinth/Content/UI/Textures/velocit_icon.uasset" 268
"../../../../../../Users/dadas/Documents/Unreal Projects/IntoTheLabyrinth/Content/UI/Textures/wood_icon.uasset" 269
"../../../Engine/Content/Animation/DefaultAnimCurveCompressionSettings.uasset" 270
"../../../Engine/Content/ArtTools/RenderToTexture/Meshes/S_1_Unit_Plane.uasset" 271
"../../../Engine/Content/EngineMaterials/DefaultMaterial.uasset" 272
"../../../Engine/Content/BasicShapes/Cone.uasset" 273
"../../../Engine/Content/BasicShapes/Cylinder.uasset" 274
"../../../Engine/Content/BasicShapes/Plane.uasset" 275
"../../../Engine/Content/BasicShapes/Sphere.uasset" 276
"../../../Engine/Content/EditorLandscapeResources/DataLayer.uasset" 277
"../../../Engine/Content/EditorMaterials/GizmoMaterial.uasset" 278
"../../../Engine/Content/EditorMaterials/MAT_Groups_Toggle.uasset" 279
"../../../Engine/Content/EditorMaterials/MAT_Groups_Visibility.uasset" 280
"../../../Engine/Content/EditorMaterials/PreviewShadowIndicator.uasset" 281
"../../../Engine/Content/EditorMaterials/PreviewShadowIndicatorMaterial.uasset" 282
"../../../Engine/Content/EditorMaterials/MatineeGroups/MAT_ColorTrack.uasset" 283
"../../../Engine/Content/EditorMaterials/MatineeGroups/MAT_Groups_Anim.uasset" 284
"../../../Engine/Content/EditorMaterials/MatineeGroups/MAT_Groups_AudioMaster.uasset" 285
"../../../Engine/Content/EditorMaterials/MatineeGroups/MAT_Groups_Director.uasset" 286
"../../../Engine/Content/EditorMaterials/MatineeGroups/MAT_Groups_Event.uasset" 287
"../../../Engine/Content/EditorMaterials/MatineeGroups/MAT_Groups_Fade.uasset" 288
"../../../Engine/Content/EditorMaterials/MatineeGroups/MAT_Groups_Float.uasset" 289
"../../../Engine/Content/EditorMaterials/MatineeGroups/MAT_Groups_Move.uasset" 290
"../../../Engine/Content/EditorMaterials/MatineeGroups/MAT_Groups_Slomo.uasset" 291
"../../../Engine/Content/EditorMaterials/MatineeGroups/MAT_Groups_Sound.uasset" 292
"../../../Engine/Content/EditorMaterials/MatineeGroups/MAT_Groups_Vector.uasset" 293
"../../../Engine/Content/EditorMaterials/ParticleSystems/PSysThumbnail_NoImage.uasset" 294
"../../../Engine/Content/EditorMaterials/ParticleSystems/PSysThumbnail_OOD.uasset" 295
"../../../Engine/Content/EditorMaterials/Camera/CineMat.uasset" 296
"../../../Engine/Content/EditorMaterials/Camera/MI_CineMat_Rig.uasset" 297
"../../../Engine/Content/EditorMeshes/Camera/SM_CraneRig_Arm.uasset" 298
"../../../Engine/Content/EditorMeshes/Camera/SM_CraneRig_Base.uasset" 299
"../../../Engine/Content/EditorMeshes/Camera/SM_CraneRig_Body.uasset" 300
"../../../Engine/Content/EditorMeshes/Camera/SM_CraneRig_Mount.uasset" 301
"../../../Engine/Content/EditorMeshes/Camera/SM_RailRig_Mount.uasset" 302
"../../../Engine/Content/EditorMeshes/Camera/SM_RailRig_Track.uasset" 303
"../../../Engine/Content/EditorResources/BSPVertex.uasset" 304
"../../../Engine/Content/EditorResources/EmptyActor.uasset" 305
"../../../Engine/Content/EditorResources/S_Actor.uasset" 306
"../../../Engine/Content/EditorResources/S_KPrismatic.uasset" 307
"../../../Engine/Content/EditorResources/S_Note.uasset" 308
"../../../Engine/Content/EditorResources/S_Solver.uasset" 309
"../../../Engine/Content/EditorResources/S_Trigger.uasset" 310
"../../../Engine/Content/EditorResources/AudioIcons/S_AudioComponent.uasset" 311
"../../../Engine/Content/EditorResources/LightIcons/S_LightError.uasset" 312
"../../../Engine/Content/EditorResources/SequenceRecorder/Countdown.uasset" 313
"../../../Engine/Content/EditorResources/SequenceRecorder/RecordingIndicator.uasset" 314
"../../../Engine/Content/EditorSounds/Notifications/CompileFailed.uasset" 315
"../../../Engine/Content/EditorSounds/Notifications/CompileFailed_Cue.uasset" 316
"../../../Engine/Content/EditorSounds/Notifications/CompileSuccess.uasset" 317
"../../../Engine/Content/EditorSounds/Notifications/CompileStart_Cue.uasset" 318
"../../../Engine/Content/EditorSounds/Notifications/CompileSuccess_Cue.uasset" 319
"../../../Engine/Content/EngineDamageTypes/DmgTypeBP_Environmental.uasset" 320
"../../../Engine/Content/EngineDebugMaterials/HeatmapGradient.uasset" 321
"../../../Engine/Content/EngineDebugMaterials/BoneWeightMaterial.uasset" 322
"../../../Engine/Content/EngineDebugMaterials/ClothMaterial.uasset" 323
"../../../Engine/Content/EngineDebugMaterials/ClothMaterial_WF.uasset" 324
"../../../Engine/Content/EngineDebugMaterials/DebugEditorMaterial.uasset" 325
"../../../Engine/Content/EngineDebugMaterials/DebugMeshMaterial.uasset" 326
"../../../Engine/Content/EngineDebugMaterials/GeomMaterial.uasset" 327
"../../../Engine/Content/EngineDebugMaterials/M_SimpleTranslucent.uasset" 328
"../../../Engine/Content/Functions/Engine_MaterialFunctions02/Utility/CameraDirectionVector.uasset" 329
"../../../Engine/Content/EngineDebugMaterials/VolumeToRender.uasset" 330
"../../../Engine/Content/EngineDebugMaterials/M_VolumeRenderSphereTracePP.uasset" 331
"../../../Engine/Content/EngineDebugMaterials/WireframeMaterial.uasset" 332
"../../../Engine/Content/EngineFonts/Faces/RobotoBold.uasset" 333
"../../../Engine/Content/EngineFonts/Faces/RobotoBoldItalic.uasset" 334
"../../../Engine/Content/EngineFonts/Faces/RobotoItalic.uasset" 335
"../../../Engine/Content/EngineFonts/Faces/RobotoLight.uasset" 336
"../../../Engine/Content/EngineFonts/Faces/RobotoRegular.uasset" 337
"../../../Engine/Content/EngineFonts/Roboto.uasset" 338
"../../../Engine/Content/EngineFonts/Faces/RobotoTiny.uasset" 339
"../../../Engine/Content/EngineFonts/RobotoTiny.uasset" 340
"../../../Engine/Content/EngineMaterials/BaseFlattenDiffuseMap.uasset" 341
"../../../Engine/Content/EngineMaterials/BaseFlattenEmissiveMap.uasset" 342
"../../../Engine/Content/EngineMaterials/BaseFlattenGrayscaleMap.uasset" 343
"../../../Engine/Content/EngineMaterials/BaseFlattenNormalMap.uasset" 344
"../../../Engine/Content/EngineMaterials/BaseFlattenMaterial.uasset" 345
"../../../Engine/Content/EngineMaterials/BlueNoise.uasset" 346
"../../../Engine/Content/EngineMaterials/DefaultBloomKernel.uasset" 347
"../../../Engine/Content/EngineMaterials/DefaultBokeh.uasset" 348
"../../../Engine/Content/EngineMaterials/DefaultDiffuse.uasset" 349
"../../../Engine/Content/EngineMaterials/DefaultDeferredDecalMaterial.uasset" 350
"../../../Engine/Content/EngineMaterials/DefaultLightFunctionMaterial.uasset" 351
"../../../Engine/Content/Functions/Engine_MaterialFunctions02/Utility/BreakOutFloat2Components.uasset" 352
"../../../Engine/Content/EngineMaterials/DefaultPostProcessMaterial.uasset" 353
"../../../Engine/Content/EngineFonts/RobotoDistanceField.uasset" 354
"../../../Engine/Content/EngineMaterials/DefaultTextMaterialOpaque.uasset" 355
"../../../Engine/Content/EngineMaterials/DefaultVirtualTextureMaterial.uasset" 356
"../../../Engine/Content/EngineMaterials/DefaultWhiteGrid.uasset" 357
"../../../Engine/Content/EngineMaterials/EditorBrushMaterial.uasset" 358
"../../../Engine/Content/EngineMaterials/DefaultWhiteGrid_Low.uasset" 359
"../../../Engine/Content/EngineMaterials/EmissiveMeshMaterial.uasset" 360
"../../../Engine/Content/EngineMaterials/Good64x64TilingNoiseHighFreq.uasset" 361
"../../../Engine/Content/EngineMaterials/MiniFont.uasset" 362
"../../../Engine/Content/EngineMaterials/InvalidLightmapSettings.uasset" 363
"../../../Engine/Content/EngineMaterials/M_InvalidLightmapSettings.uasset" 364
"../../../Engine/Content/Functions/Engine_MaterialFunctions02/WorldPositionOffset/CameraOffset.uasset" 365
"../../../Engine/Content/EngineMaterials/PhAT_JointLimitMaterial.uasset" 366
"../../../Engine/Content/EngineMaterials/PreintegratedSkinBRDF.uasset" 367
"../../../Engine/Content/EngineMaterials/RemoveSurfaceMaterial.uasset" 368
"../../../Engine/Content/EngineMaterials/WeightMapPlaceholderTexture.uasset" 369
"../../../Engine/Content/EngineResources/WhiteSquareTexture.uasset" 370
"../../../Engine/Content/EngineMaterials/Widget3DPassThrough.uasset" 371
"../../../Engine/Content/EngineMaterials/Widget3DPassThrough_Masked.uasset" 372
"../../../Engine/Content/EngineMaterials/Widget3DPassThrough_Opaque.uasset" 373
"../../../Engine/Content/EngineMaterials/Widget3DPassThrough_Masked_OneSided.uasset" 374
"../../../Engine/Content/EngineMaterials/Widget3DPassThrough_Opaque_OneSided.uasset" 375
"../../../Engine/Content/EngineMaterials/Widget3DPassThrough_Translucent.uasset" 376
"../../../Engine/Content/EngineMaterials/Widget3DPassThrough_Translucent_OneSided.uasset" 377
"../../../Engine/Content/EngineMeshes/Cylinder.uasset" 378
"../../../Engine/Content/EngineMeshes/Sphere.uasset" 379
"../../../Engine/Content/EngineResources/Black.uasset" 380
"../../../Engine/Content/EngineResources/DefaultTexture.uasset" 381
"../../../Engine/Content/EngineResources/DefaultTextureCube.uasset" 382
"../../../Engine/Content/EngineResources/DefaultVolumeTexture2D.uasset" 383
"../../../Engine/Content/EngineResources/DefaultVolumeTexture.uasset" 384
"../../../Engine/Content/EngineResources/GradientTexture0.uasset" 385
"../../../Engine/Content/EngineSounds/Master.uasset" 386
"../../../Engine/Content/Functions/Engine_MaterialFunctions01/Shading/ConvertFromDiffSpec.uasset" 387
"../../../Engine/Content/Functions/Engine_MaterialFunctions01/Shading/PowerToRoughness.uasset" 388
"../../../Engine/Content/Maps/Templates/Thumbnails/Default.uasset" 389
"../../../Engine/Content/Maps/Templates/Thumbnails/VR-Basic.uasset" 390
"../../../Engine/Content/MobileResources/T_MobileControls_texture.uasset" 391
"../../../Engine/Content/MobileResources/T_MobileMenu2.uasset" 392
"../../../Engine/Content/MobileResources/HUD/AnalogHat.uasset" 393
"../../../Engine/Content/MobileResources/HUD/VirtualJoystick_Background.uasset" 394
"../../../Engine/Content/MobileResources/HUD/VirtualJoystick_Thumb.uasset" 395
"../../../Engine/Content/MobileResources/HUD/DefaultVirtualJoysticks.uasset" 396
"../../../Engine/Content/MobileResources/HUD/LeftVirtualJoystickOnly.uasset" 397
"../../../Engine/Content/MobileResources/HUD/MobileHUDButton1_off.uasset" 398
"../../../Engine/Content/MobileResources/HUD/MobileHUDButton1_on.uasset" 399
"../../../Engine/Content/MobileResources/HUD/MobileHUDButton2_off.uasset" 400
"../../../Engine/Content/MobileResources/HUD/MobileHUDButton2_on.uasset" 401
"../../../Engine/Content/MobileResources/HUD/MobileHUDButton3.uasset" 402
"../../../Engine/Content/MobileResources/HUD/MobileHUDButtonFire.uasset" 403
"../../../Engine/Content/MobileResources/HUD/MobileHUDDirectionPad.uasset" 404
"../../../Engine/Content/MobileResources/HUD/MobileHUDDirectionPad2.uasset" 405
"../../../Engine/Content/MobileResources/HUD/MobileHUDDirectionPad3.uasset" 406
"../../../Engine/Content/MobileResources/HUD/MobileHUDDirectionStick.uasset" 407
"../../../Engine/Content/MobileResources/HUD/T_Castle_ThumbstickInner.uasset" 408
"../../../Engine/Content/MobileResources/HUD/T_Castle_ThumbstickOutter.uasset" 409
"../../../Engine/Content/Tutorial/ContentIntroCurve.uasset" 410
"../../../Engine/Content/Tutorial/Basics/LevelEditorAttract.uasset" 411
"../../../Engine/Content/VREditor/LaserPointer/VR_LaserPower_01.uasset" 412
"../../../Engine/Content/VREditor/TransformGizmo/TransformGizmoMaterial.uasset" 413
"../../../Engine/Content/VREditor/TransformGizmo/TranslucentTransformGizmoMaterial.uasset" 414
"../../../Engine/Content/VREditor/TransformGizmo/BoundingBoxCorner.uasset" 415
"../../../Engine/Content/VREditor/TransformGizmo/BoundingBoxEdge.uasset" 416
"../../../Engine/Content/VREditor/TransformGizmo/PlaneTranslationHandle.uasset" 417
"../../../Engine/Content/VREditor/TransformGizmo/Main.uasset" 418
"../../../Engine/Content/VREditor/TransformGizmo/Xray.uasset" 419
"../../../Engine/Content/VREditor/TransformGizmo/SM_Sequencer_Key.uasset" 420
"../../../Engine/Content/VREditor/TransformGizmo/SM_Sequencer_Node.uasset" 421
"../../Plugins/2D/Paper2D/Content/PlaceholderTextures/DummySpriteTexture.uasset" 422
"../../Plugins/2D/Paper2D/Content/DummySprite.uasset" 423
"../../Plugins/2D/Paper2D/Content/DefaultPaperTerrainMaterial.uasset" 424
"../../Plugins/2D/Paper2D/Content/DummySpriteTexture.uasset" 425
"../../Plugins/2D/Paper2D/Content/DefaultSpriteMaterial.uasset" 426
"../../Plugins/2D/Paper2D/Content/MaskedUnlitSpriteMaterial.uasset" 427
"../../Plugins/2D/Paper2D/Content/OpaqueUnlitSpriteMaterial.uasset" 428
"../../Plugins/Runtime/Oculus/OculusVR/Content/OculusMR_RenderTarget.uasset" 429
"../../../Engine/Content/Functions/Engine_MaterialFunctions02/Utility/BreakOutFloat4Components.uasset" 430
"../../../Engine/Content/Functions/Engine_MaterialFunctions02/Utility/MakeFloat2.uasset" 431
"../../../Engine/Content/Functions/Engine_MaterialFunctions02/Utility/MakeFloat3.uasset" 432
"../../Plugins/Runtime/Oculus/OculusVR/Content/Materials/OculusMR_ChromaKey.uasset" 433
"../../Plugins/Runtime/Oculus/OculusVR/Content/Materials/OculusMR_ChromaKey_Lit.uasset" 434
"../../Plugins/Runtime/Oculus/OculusVR/Content/Materials/OculusMR_OpaqueColoredMaterial.uasset" 435
"../../Plugins/Runtime/Oculus/OculusVR/Content/Materials/OculusMR_WhiteMaterial.uasset" 436
"../../../../../../Users/dadas/Documents/Unreal Projects/IntoTheLabyrinth/Content/Maps/Intro.umap" 437
"../../../../../../Users/dadas/Documents/Unreal Projects/IntoTheLabyrinth/Content/UI/Textures/pantalla_ajuda.uasset" 438
"../../../../../../Users/dadas/Documents/Unreal Projects/IntoTheLabyrinth/Content/sounds/introambient.uasset" 439
"../../../../../../Users/dadas/Documents/Unreal Projects/IntoTheLabyrinth/Content/sounds/MARIA_ANG_01.uasset" 440
"../../../../../../Users/dadas/Documents/Unreal Projects/IntoTheLabyrinth/Content/sounds/MARIA_CAT_01.uasset" 441
"../../../../../../Users/dadas/Documents/Unreal Projects/IntoTheLabyrinth/Content/UI/WB_intro.uasset" 442
"../../../../../../Users/dadas/Documents/Unreal Projects/IntoTheLabyrinth/Content/UI/WB_MainMenu.uasset" 443
"../../../../../../Users/dadas/Documents/Unreal Projects/IntoTheLabyrinth/Content/Maps/Main_level.umap" 444
"../../../../../../Users/dadas/Documents/Unreal Projects/IntoTheLabyrinth/Content/items/structures/structure_levelDoors.uasset" 445
"../../../../../../Users/dadas/Documents/Unreal Projects/IntoTheLabyrinth/Content/Blueprints/BP_DoorInTheLevel.uasset" 446
"../../../../../../Users/dadas/Documents/Unreal Projects/IntoTheLabyrinth/Content/Textures/T_Pack_07_D.uasset" 447
"../../../../../../Users/dadas/Documents/Unreal Projects/IntoTheLabyrinth/Content/Textures/T_Pack_07_N.uasset" 448
"../../../../../../Users/dadas/Documents/Unreal Projects/IntoTheLabyrinth/Content/Textures/T_Pack_07_RM.uasset" 449
"../../../../../../Users/dadas/Documents/Unreal Projects/IntoTheLabyrinth/Content/materials/M_Inst_Pack_07.uasset" 450
"../../../../../../Users/dadas/Documents/Unreal Projects/IntoTheLabyrinth/Content/meshes/SM_Bridge_Var01.uasset" 451
"../../../../../../Users/dadas/Documents/Unreal Projects/IntoTheLabyrinth/Content/sounds/doorOpens.uasset" 452
"../../../../../../Users/dadas/Documents/Unreal Projects/IntoTheLabyrinth/Content/Blueprints/BP_Door.uasset" 453
"../../../Engine/Content/EngineSky/C_Sky_Cloud_Color.uasset" 454
"../../../Engine/Content/EngineSky/C_Sky_Horizon_Color.uasset" 455
"../../../Engine/Content/EngineSky/C_Sky_Zenith_Color.uasset" 456
"../../../Engine/Content/EngineSky/T_Sky_Blue.uasset" 457
"../../../Engine/Content/EngineSky/T_Sky_Clouds_M.uasset" 458
"../../../Engine/Content/EngineSky/T_Sky_Stars.uasset" 459
"../../../Engine/Content/EngineSky/M_Sky_Panning_Clouds2.uasset" 460
"../../../Engine/Content/EngineSky/SM_SkySphere.uasset" 461
"../../../Engine/Content/EngineSky/BP_Sky_Sphere.uasset" 462
"../../../../../../Users/dadas/Documents/Unreal Projects/IntoTheLabyrinth/Content/Textures/Effects/T_Pfx_FlamesAtlas.uasset" 463
"../../../../../../Users/dadas/Documents/Unreal Projects/IntoTheLabyrinth/Content/Materials/M_Inst_Pfx_Flames.uasset" 464
"../../../../../../Users/dadas/Documents/Unreal Projects/IntoTheLabyrinth/Content/Effects/Pfx_FireCamp.uasset" 465
"../../../../../../Users/dadas/Documents/Unreal Projects/IntoTheLabyrinth/Content/Effects/Pfx_LightInsectsCampFire.uasset" 466
"../../../../../../Users/dadas/Documents/Unreal Projects/IntoTheLabyrinth/Content/Materials/M_Pfx_TranslucentLit.uasset" 467
"../../../../../../Users/dadas/Documents/Unreal Projects/IntoTheLabyrinth/Content/Textures/Effects/T_Pfx_Smoke.uasset" 468
"../../../../../../Users/dadas/Documents/Unreal Projects/IntoTheLabyrinth/Content/Materials/M_Inst_Pfx_SmokeChimney.uasset" 469
"../../../../../../Users/dadas/Documents/Unreal Projects/IntoTheLabyrinth/Content/Effects/Pfx_SmokeFireCamp.uasset" 470
"../../../../../../Users/dadas/Documents/Unreal Projects/IntoTheLabyrinth/Content/meshes/SM_Fish.uasset" 471
"../../../../../../Users/dadas/Documents/Unreal Projects/IntoTheLabyrinth/Content/Textures/T_Pack_06_D.uasset" 472
"../../../../../../Users/dadas/Documents/Unreal Projects/IntoTheLabyrinth/Content/Textures/T_Pack_06_N.uasset" 473
"../../../../../../Users/dadas/Documents/Unreal Projects/IntoTheLabyrinth/Content/Textures/T_Pack_06_RM.uasset" 474
"../../../../../../Users/dadas/Documents/Unreal Projects/IntoTheLabyrinth/Content/materials/M_Inst_Pack_06.uasset" 475
"../../../../../../Users/dadas/Documents/Unreal Projects/IntoTheLabyrinth/Content/meshes/SM_Log_Var01.uasset" 476
"../../../../../../Users/dadas/Documents/Unreal Projects/IntoTheLabyrinth/Content/meshes/SM_Log_Var02.uasset" 477
"../../../../../../Users/dadas/Documents/Unreal Projects/IntoTheLabyrinth/Content/meshes/SM_Log_Var03.uasset" 478
"../../../../../../Users/dadas/Documents/Unreal Projects/IntoTheLabyrinth/Content/meshes/SM_Spike.uasset" 479
"../../../../../../Users/dadas/Documents/Unreal Projects/IntoTheLabyrinth/Content/meshes/SM_Stone_Small_Var01.uasset" 480
"../../../../../../Users/dadas/Documents/Unreal Projects/IntoTheLabyrinth/Content/meshes/SM_Stone_Small_Var05.uasset" 481
"../../../../../../Users/dadas/Documents/Unreal Projects/IntoTheLabyrinth/Content/Blueprints/BP_CampFire.uasset" 482
"../../../../../../Users/dadas/Documents/Unreal Projects/IntoTheLabyrinth/Content/Blueprints/BP_ClimbStairs.uasset" 483
"../../../../../../Users/dadas/Documents/Unreal Projects/IntoTheLabyrinth/Content/Blueprints/BP_escala.uasset" 484
"../../../../../../Users/dadas/Documents/Unreal Projects/IntoTheLabyrinth/Content/Blueprints/BP_fire.uasset" 485
"../../../../../../Users/dadas/Documents/Unreal Projects/IntoTheLabyrinth/Content/Blueprints/Misc/BP_Interface_OnDayOnNight.uasset" 486
"../../../../../../Users/dadas/Documents/Unreal Projects/IntoTheLabyrinth/Content/Effects/Pfx_FireTorch.uasset" 487
"../../../../../../Users/dadas/Documents/Unreal Projects/IntoTheLabyrinth/Content/Effects/Pfx_SmokeChimney.uasset" 488
"../../../../../../Users/dadas/Documents/Unreal Projects/IntoTheLabyrinth/Content/Textures/T_Pack_04_D.uasset" 489
"../../../../../../Users/dadas/Documents/Unreal Projects/IntoTheLabyrinth/Content/Textures/T_Pack_04_E.uasset" 490
"../../../../../../Users/dadas/Documents/Unreal Projects/IntoTheLabyrinth/Content/Textures/T_Pack_04_N.uasset" 491
"../../../../../../Users/dadas/Documents/Unreal Projects/IntoTheLabyrinth/Content/Textures/T_Pack_04_RM.uasset" 492
"../../../../../../Users/dadas/Documents/Unreal Projects/IntoTheLabyrinth/Content/materials/M_Inst_Pack_04.uasset" 493
"../../../../../../Users/dadas/Documents/Unreal Projects/IntoTheLabyrinth/Content/meshes/SM_House_Var01.uasset" 494
"../../../../../../Users/dadas/Documents/Unreal Projects/IntoTheLabyrinth/Content/Textures/T_Pack_05_D.uasset" 495
"../../../../../../Users/dadas/Documents/Unreal Projects/IntoTheLabyrinth/Content/Textures/T_Pack_05_E.uasset" 496
"../../../../../../Users/dadas/Documents/Unreal Projects/IntoTheLabyrinth/Content/Textures/T_Pack_05_N.uasset" 497
"../../../../../../Users/dadas/Documents/Unreal Projects/IntoTheLabyrinth/Content/Textures/T_Pack_05_RM.uasset" 498
"../../../../../../Users/dadas/Documents/Unreal Projects/IntoTheLabyrinth/Content/materials/M_Inst_Pack_05.uasset" 499
"../../../../../../Users/dadas/Documents/Unreal Projects/IntoTheLabyrinth/Content/meshes/SM_House_Var01_Extra01.uasset" 500
"../../../../../../Users/dadas/Documents/Unreal Projects/IntoTheLabyrinth/Content/meshes/SM_House_Var01_Extra02.uasset" 501
"../../../../../../Users/dadas/Documents/Unreal Projects/IntoTheLabyrinth/Content/meshes/SM_House_Var01_Extra03.uasset" 502
"../../../../../../Users/dadas/Documents/Unreal Projects/IntoTheLabyrinth/Content/meshes/SM_House_Var01_Extra04.uasset" 503
"../../../../../../Users/dadas/Documents/Unreal Projects/IntoTheLabyrinth/Content/meshes/SM_House_Var01_Extra05.uasset" 504
"../../../../../../Users/dadas/Documents/Unreal Projects/IntoTheLabyrinth/Content/meshes/SM_House_Var01_Extra06.uasset" 505
"../../../../../../Users/dadas/Documents/Unreal Projects/IntoTheLabyrinth/Content/meshes/SM_House_Var01_Extra07.uasset" 506
"../../../../../../Users/dadas/Documents/Unreal Projects/IntoTheLabyrinth/Content/meshes/SM_House_Var01_Extra08.uasset" 507
"../../../../../../Users/dadas/Documents/Unreal Projects/IntoTheLabyrinth/Content/meshes/SM_Torch_Var02.uasset" 508
"../../../../../../Users/dadas/Documents/Unreal Projects/IntoTheLabyrinth/Content/Blueprints/BP_House_Var01_OnDayOnNight.uasset" 509
"../../../../../../Users/dadas/Documents/Unreal Projects/IntoTheLabyrinth/Content/Textures/T_Pack_09_D.uasset" 510
"../../../../../../Users/dadas/Documents/Unreal Projects/IntoTheLabyrinth/Content/Textures/T_Pack_09_E.uasset" 511
"../../../../../../Users/dadas/Documents/Unreal Projects/IntoTheLabyrinth/Content/Textures/T_Pack_09_N.uasset" 512
"../../../../../../Users/dadas/Documents/Unreal Projects/IntoTheLabyrinth/Content/Textures/T_Pack_09_RM.uasset" 513
"../../../../../../Users/dadas/Documents/Unreal Projects/IntoTheLabyrinth/Content/materials/M_Inst_Pack_09.uasset" 514
"../../../../../../Users/dadas/Documents/Unreal Projects/IntoTheLabyrinth/Content/meshes/SM_House_Var02.uasset" 515
"../../../../../../Users/dadas/Documents/Unreal Projects/IntoTheLabyrinth/Content/meshes/SM_House_Var02_Extra.uasset" 516
"../../../../../../Users/dadas/Documents/Unreal Projects/IntoTheLabyrinth/Content/Blueprints/BP_House_Var02.uasset" 517
"../../../../../../Users/dadas/Documents/Unreal Projects/IntoTheLabyrinth/Content/meshes/SM_Stone_Medium_Var04.uasset" 518
"../../../../../../Users/dadas/Documents/Unreal Projects/IntoTheLabyrinth/Content/Blueprints/BP_PushableRock.uasset" 519
"../../../../../../Users/dadas/Documents/Unreal Projects/IntoTheLabyrinth/Content/Textures/Scroll_LP_Albedo_tga.uasset" 520
"../../../../../../Users/dadas/Documents/Unreal Projects/IntoTheLabyrinth/Content/Textures/Scroll_LP_AO_tga.uasset" 521
"../../../../../../Users/dadas/Documents/Unreal Projects/IntoTheLabyrinth/Content/Textures/Scroll_LP_Normals_tga.uasset" 522
"../../../../../../Users/dadas/Documents/Unreal Projects/IntoTheLabyrinth/Content/Textures/Scroll_LP_Opacity_tga.uasset" 523
"../../../../../../Users/dadas/Documents/Unreal Projects/IntoTheLabyrinth/Content/Textures/Scroll_LP_Roughness_tga.uasset" 524
"../../../../../../Users/dadas/Documents/Unreal Projects/IntoTheLabyrinth/Content/materials/M_scroll.uasset" 525
"../../../../../../Users/dadas/Documents/Unreal Projects/IntoTheLabyrinth/Content/meshes/Scroll.uasset" 526
"../../../../../../Users/dadas/Documents/Unreal Projects/IntoTheLabyrinth/Content/Blueprints/BP_PuzzlePiece.uasset" 527
"../../../../../../Users/dadas/Documents/Unreal Projects/IntoTheLabyrinth/Content/Textures/T_Pack_03_D.uasset" 528
"../../../../../../Users/dadas/Documents/Unreal Projects/IntoTheLabyrinth/Content/Textures/T_Pack_03_N.uasset" 529
"../../../../../../Users/dadas/Documents/Unreal Projects/IntoTheLabyrinth/Content/Textures/T_Pack_03_RM.uasset" 530
"../../../../../../Users/dadas/Documents/Unreal Projects/IntoTheLabyrinth/Content/materials/M_Inst_Pack_03.uasset" 531
"../../../../../../Users/dadas/Documents/Unreal Projects/IntoTheLabyrinth/Content/meshes/SM_StreetLight.uasset" 532
"../../../../../../Users/dadas/Documents/Unreal Projects/IntoTheLabyrinth/Content/Blueprints/BP_Street_Lamp.uasset" 533
"../../../../../../Users/dadas/Documents/Unreal Projects/IntoTheLabyrinth/Content/Blueprints/BP_Street_Lamp_OnDayOnNight.uasset" 534
"../../../../../../Users/dadas/Documents/Unreal Projects/IntoTheLabyrinth/Content/Materials/M_Pfx_Diffuse_TwoSidedFoliage.uasset" 535
"../../../../../../Users/dadas/Documents/Unreal Projects/IntoTheLabyrinth/Content/materials/M_Inst_Pfx_Leafs.uasset" 536
"../../../../../../Users/dadas/Documents/Unreal Projects/IntoTheLabyrinth/Content/Effects/Pfx_FallingLeafs.uasset" 537
"../../../../../../Users/dadas/Documents/Unreal Projects/IntoTheLabyrinth/Content/meshes/SM_Tree_Var01.uasset" 538
"../../../../../../Users/dadas/Documents/Unreal Projects/IntoTheLabyrinth/Content/Blueprints/BP_Tree.uasset" 539
"../../../../../../Users/dadas/Documents/Unreal Projects/IntoTheLabyrinth/Content/UI/WB_Level4Start.uasset" 540
"../../../../../../Users/dadas/Documents/Unreal Projects/IntoTheLabyrinth/Content/Blueprints/level4TriggerVolume.uasset" 541
"../../../../../../Users/dadas/Documents/Unreal Projects/IntoTheLabyrinth/Content/materials/M_Inst_Pack_01.uasset" 542
"../../../../../../Users/dadas/Documents/Unreal Projects/IntoTheLabyrinth/Content/meshes/SM_Fence_Var03.uasset" 543
"../../../../../../Users/dadas/Documents/Unreal Projects/IntoTheLabyrinth/Content/materials/M_Inst_Landscape_Foliage_Var01.uasset" 544
"../../../../../../Users/dadas/Documents/Unreal Projects/IntoTheLabyrinth/Content/meshes/SM_GrassPatch_Var01.uasset" 545
"../../../../../../Users/dadas/Documents/Unreal Projects/IntoTheLabyrinth/Content/meshes/SM_Stone_Big_Var01.uasset" 546
"../../../../../../Users/dadas/Documents/Unreal Projects/IntoTheLabyrinth/Content/meshes/SM_Stone_Big_Var03.uasset" 547
"../../../../../../Users/dadas/Documents/Unreal Projects/IntoTheLabyrinth/Content/meshes/SM_Stone_Big_Var04.uasset" 548
"../../../../../../Users/dadas/Documents/Unreal Projects/IntoTheLabyrinth/Content/meshes/SM_Stone_Medium_Var01.uasset" 549
"../../../../../../Users/dadas/Documents/Unreal Projects/IntoTheLabyrinth/Content/Blueprints/wall.uasset" 550
"../../../../../../Users/dadas/Documents/Unreal Projects/IntoTheLabyrinth/Content/minimap/minimap_maze.uasset" 551
"../../../../../../Users/dadas/Documents/Unreal Projects/IntoTheLabyrinth/Content/minimap/minimap_maze_Sprite.uasset" 552
"../../../../../../Users/dadas/Documents/Unreal Projects/IntoTheLabyrinth/Content/minimap/BP_minimapactor.uasset" 553
"../../../../../../Users/dadas/Documents/Unreal Projects/IntoTheLabyrinth/Content/Textures/TexturesCom_Trees0108_masked_S.uasset" 554
"../../../../../../Users/dadas/Documents/Unreal Projects/IntoTheLabyrinth/Content/materials/tree_material.uasset" 555
"../../../../../../Users/dadas/Documents/Unreal Projects/IntoTheLabyrinth/Content/meshes/tree_Billboard.uasset" 556
"../../../../../../Users/dadas/Documents/Unreal Projects/IntoTheLabyrinth/Content/foliage/tree_Billboard_FoliageType.uasset" 557
"../../../../../../Users/dadas/Documents/Unreal Projects/IntoTheLabyrinth/Content/Maps/test_level_sharedassets/Dirt_LayerInfo.uasset" 558
"../../../../../../Users/dadas/Documents/Unreal Projects/IntoTheLabyrinth/Content/Maps/test_level_sharedassets/Grass_LayerInfo.uasset" 559
"../../../../../../Users/dadas/Documents/Unreal Projects/IntoTheLabyrinth/Content/Maps/test_level_sharedassets/Rock_LayerInfo.uasset" 560
"../../../../../../Users/dadas/Documents/Unreal Projects/IntoTheLabyrinth/Content/Maps/test_level_BuiltData.uasset" 561
"../../../../../../Users/dadas/Documents/Unreal Projects/IntoTheLabyrinth/Content/materials/footway.uasset" 562
"../../../../../../Users/dadas/Documents/Unreal Projects/IntoTheLabyrinth/Content/materials/grassMaterial.uasset" 563
"../../../../../../Users/dadas/Documents/Unreal Projects/IntoTheLabyrinth/Content/Textures/Landscape/rock_ground_mud-1_rgm.uasset" 564
"../../../../../../Users/dadas/Documents/Unreal Projects/IntoTheLabyrinth/Content/Textures/Landscape/rock_ground_mud_plx.uasset" 565
"../../../../../../Users/dadas/Documents/Unreal Projects/IntoTheLabyrinth/Content/materials/New_Landscape_Material.uasset" 566
"../../../Engine/Content/Functions/Engine_MaterialFunctions03/ComplexMotion/Motion_4WayChaos.uasset" 567
"../../../Engine/Content/Engine_MI_Shaders/T_Base_Tile_Normal.uasset" 568
"../../../Engine/Content/Functions/Engine_MaterialFunctions03/ComplexMotion/Motion_4WayChaos_Normal.uasset" 569
"../../../../../../Users/dadas/Documents/Unreal Projects/IntoTheLabyrinth/Content/Textures/water_col.uasset" 570
"../../../../../../Users/dadas/Documents/Unreal Projects/IntoTheLabyrinth/Content/Textures/water_nml.uasset" 571
"../../../../../../Users/dadas/Documents/Unreal Projects/IntoTheLabyrinth/Content/materials/ToonWater.uasset" 572
"../../../Engine/Content/EngineMaterials/DefaultPhysicalMaterial.uasset" 573
"../../../../../../Users/dadas/Documents/Unreal Projects/IntoTheLabyrinth/Content/meshes/SM_Bridge_Var02.uasset" 574
"../../../../../../Users/dadas/Documents/Unreal Projects/IntoTheLabyrinth/Content/meshes/SM_Cart_Var01.uasset" 575
"../../../../../../Users/dadas/Documents/Unreal Projects/IntoTheLabyrinth/Content/meshes/SM_Cauldron.uasset" 576
"../../../../../../Users/dadas/Documents/Unreal Projects/IntoTheLabyrinth/Content/meshes/SM_Crate_Closed.uasset" 577
"../../../../../../Users/dadas/Documents/Unreal Projects/IntoTheLabyrinth/Content/meshes/SM_Crate_Open.uasset" 578
"../../../../../../Users/dadas/Documents/Unreal Projects/IntoTheLabyrinth/Content/meshes/SM_Fence_Var01.uasset" 579
"../../../../../../Users/dadas/Documents/Unreal Projects/IntoTheLabyrinth/Content/meshes/SM_Fence_Var02.uasset" 580
"../../../../../../Users/dadas/Documents/Unreal Projects/IntoTheLabyrinth/Content/meshes/SM_Fence_Var04.uasset" 581
"../../../../../../Users/dadas/Documents/Unreal Projects/IntoTheLabyrinth/Content/Textures/T_Pack_06_O.uasset" 582
"../../../../../../Users/dadas/Documents/Unreal Projects/IntoTheLabyrinth/Content/materials/M_Uber_Cutout.uasset" 583
"../../../../../../Users/dadas/Documents/Unreal Projects/IntoTheLabyrinth/Content/materials/M_Inst_Pack_06_Cutout.uasset" 584
"../../../../../../Users/dadas/Documents/Unreal Projects/IntoTheLabyrinth/Content/meshes/SM_Flower_Var01.uasset" 585
"../../../../../../Users/dadas/Documents/Unreal Projects/IntoTheLabyrinth/Content/meshes/SM_Flower_Var02.uasset" 586
"../../../../../../Users/dadas/Documents/Unreal Projects/IntoTheLabyrinth/Content/meshes/SM_Flower_Var03.uasset" 587
"../../../../../../Users/dadas/Documents/Unreal Projects/IntoTheLabyrinth/Content/meshes/SM_Flower_Var04.uasset" 588
"../../../../../../Users/dadas/Documents/Unreal Projects/IntoTheLabyrinth/Content/meshes/SM_Flower_Var05.uasset" 589
"../../../../../../Users/dadas/Documents/Unreal Projects/IntoTheLabyrinth/Content/meshes/SM_Flower_Var06.uasset" 590
"../../../../../../Users/dadas/Documents/Unreal Projects/IntoTheLabyrinth/Content/Textures/Landscape/T_Foliage_Var02_D.uasset" 591
"../../../../../../Users/dadas/Documents/Unreal Projects/IntoTheLabyrinth/Content/Textures/Landscape/T_Foliage_Var02_O.uasset" 592
"../../../../../../Users/dadas/Documents/Unreal Projects/IntoTheLabyrinth/Content/materials/M_Inst_Landscape_Foliage_Var02.uasset" 593
"../../../../../../Users/dadas/Documents/Unreal Projects/IntoTheLabyrinth/Content/meshes/SM_GrassPatch_Var02.uasset" 594
"../../../../../../Users/dadas/Documents/Unreal Projects/IntoTheLabyrinth/Content/materials/M_Inst_Landscape_Foliage_Var04.uasset" 595
"../../../../../../Users/dadas/Documents/Unreal Projects/IntoTheLabyrinth/Content/meshes/SM_GrassPatch_Var03.uasset" 596
"../../../../../../Users/dadas/Documents/Unreal Projects/IntoTheLabyrinth/Content/materials/M_Inst_Pack_09_LightsOn.uasset" 597
"../../../../../../Users/dadas/Documents/Unreal Projects/IntoTheLabyrinth/Content/meshes/SM_House_Var02_LightsOn.uasset" 598
"../../../../../../Users/dadas/Documents/Unreal Projects/IntoTheLabyrinth/Content/meshes/SM_Logs_Var01.uasset" 599
"../../../../../../Users/dadas/Documents/Unreal Projects/IntoTheLabyrinth/Content/meshes/SM_Logs_Var02.uasset" 600
"../../../../../../Users/dadas/Documents/Unreal Projects/IntoTheLabyrinth/Content/meshes/SM_Pitchfork.uasset" 601
"../../../../../../Users/dadas/Documents/Unreal Projects/IntoTheLabyrinth/Content/meshes/SM_Plant.uasset" 602
"../../../../../../Users/dadas/Documents/Unreal Projects/IntoTheLabyrinth/Content/meshes/SM_Pot_Var01.uasset" 603
"../../../../../../Users/dadas/Documents/Unreal Projects/IntoTheLabyrinth/Content/meshes/SM_Pot_Var04.uasset" 604
"../../../../../../Users/dadas/Documents/Unreal Projects/IntoTheLabyrinth/Content/meshes/SM_Pot_Var05.uasset" 605
"../../../../../../Users/dadas/Documents/Unreal Projects/IntoTheLabyrinth/Content/meshes/SM_Pumpkin_Var01.uasset" 606
"../../../../../../Users/dadas/Documents/Unreal Projects/IntoTheLabyrinth/Content/meshes/SM_Pumpkin_Var02.uasset" 607
"../../../../../../Users/dadas/Documents/Unreal Projects/IntoTheLabyrinth/Content/meshes/SM_Sack_Apple.uasset" 608
"../../../../../../Users/dadas/Documents/Unreal Projects/IntoTheLabyrinth/Content/meshes/SM_Sack_Flour.uasset" 609
"../../../../../../Users/dadas/Documents/Unreal Projects/IntoTheLabyrinth/Content/meshes/SM_Sack_Potato.uasset" 610
"../../../../../../Users/dadas/Documents/Unreal Projects/IntoTheLabyrinth/Content/meshes/SM_Sack_Var01.uasset" 611
"../../../../../../Users/dadas/Documents/Unreal Projects/IntoTheLabyrinth/Content/meshes/SM_Sack_Var02.uasset" 612
"../../../../../../Users/dadas/Documents/Unreal Projects/IntoTheLabyrinth/Content/meshes/SM_Stone_Big_Var05.uasset" 613
"../../../../../../Users/dadas/Documents/Unreal Projects/IntoTheLabyrinth/Content/meshes/SM_Stone_Medium_Var02.uasset" 614
"../../../../../../Users/dadas/Documents/Unreal Projects/IntoTheLabyrinth/Content/meshes/SM_Stone_Medium_Var03.uasset" 615
"../../../../../../Users/dadas/Documents/Unreal Projects/IntoTheLabyrinth/Content/meshes/SM_Stone_Medium_Var05.uasset" 616
"../../../../../../Users/dadas/Documents/Unreal Projects/IntoTheLabyrinth/Content/meshes/SM_StoneFlat_Var01.uasset" 617
"../../../../../../Users/dadas/Documents/Unreal Projects/IntoTheLabyrinth/Content/meshes/SM_StoneFlat_Var03.uasset" 618
"../../../../../../Users/dadas/Documents/Unreal Projects/IntoTheLabyrinth/Content/meshes/SM_StoneFlat_Var04.uasset" 619
"../../../../../../Users/dadas/Documents/Unreal Projects/IntoTheLabyrinth/Content/meshes/SM_Stonepath_Var02.uasset" 620
"../../../../../../Users/dadas/Documents/Unreal Projects/IntoTheLabyrinth/Content/materials/M_Inst_Pack_03_LightsOn.uasset" 621
"../../../../../../Users/dadas/Documents/Unreal Projects/IntoTheLabyrinth/Content/meshes/SM_StreetLight_LightsOn.uasset" 622
"../../../../../../Users/dadas/Documents/Unreal Projects/IntoTheLabyrinth/Content/meshes/SM_Torch_Var01.uasset" 623
"../../../../../../Users/dadas/Documents/Unreal Projects/IntoTheLabyrinth/Content/meshes/SM_Treestump_Var01.uasset" 624
"../../../../../../Users/dadas/Documents/Unreal Projects/IntoTheLabyrinth/Content/meshes/SM_Treestump_Var02.uasset" 625
"../../../../../../Users/dadas/Documents/Unreal Projects/IntoTheLabyrinth/Content/meshes/SM_Well_Extra01.uasset" 626
"../../../../../../Users/dadas/Documents/Unreal Projects/IntoTheLabyrinth/Content/meshes/SM_Wheel.uasset" 627
"../../../../../../Users/dadas/Documents/Unreal Projects/IntoTheLabyrinth/Content/meshes/wall1.uasset" 628
"../../../../../../Users/dadas/Documents/Unreal Projects/IntoTheLabyrinth/Content/UI/MiniMap/miniMapTarget.uasset" 629
"../../../../../../Users/dadas/Documents/Unreal Projects/IntoTheLabyrinth/Content/UI/Textures/puzzle/rompecabezas1.uasset" 630
"../../../../../../Users/dadas/Documents/Unreal Projects/IntoTheLabyrinth/Content/UI/Textures/puzzle/rompecabezas2.uasset" 631
"../../../../../../Users/dadas/Documents/Unreal Projects/IntoTheLabyrinth/Content/UI/Textures/puzzle/rompecabezas3.uasset" 632
"../../../../../../Users/dadas/Documents/Unreal Projects/IntoTheLabyrinth/Content/UI/Textures/puzzle/rompecabezas4.uasset" 633
"../../../../../../Users/dadas/Documents/Unreal Projects/IntoTheLabyrinth/Content/UI/Textures/puzzle/rompecabezas5.uasset" 634
"../../../../../../Users/dadas/Documents/Unreal Projects/IntoTheLabyrinth/Content/UI/Textures/puzzle/rompecabezas6.uasset" 635
"../../../../../../Users/dadas/Documents/Unreal Projects/IntoTheLabyrinth/Content/UI/Textures/puzzle/rompecabezas7.uasset" 636
"../../../../../../Users/dadas/Documents/Unreal Projects/IntoTheLabyrinth/Content/UI/Textures/puzzle/rompecabezas8.uasset" 637
"../../../../../../Users/dadas/Documents/Unreal Projects/IntoTheLabyrinth/Content/UI/Textures/puzzle/rompecabezas9.uasset" 638
"../../../../../../Users/dadas/Documents/Unreal Projects/IntoTheLabyrinth/Content/Maps/test_level.umap" 639
"../../../../../../Users/dadas/Documents/Unreal Projects/IntoTheLabyrinth/Content/foliage/SM_Flower_Var01_FoliageType.uasset" 640
"../../../../../../Users/dadas/Documents/Unreal Projects/IntoTheLabyrinth/Content/foliage/SM_Flower_Var02_FoliageType.uasset" 641
"../../../../../../Users/dadas/Documents/Unreal Projects/IntoTheLabyrinth/Content/foliage/SM_Flower_Var04_FoliageType.uasset" 642
"../../../../../../Users/dadas/Documents/Unreal Projects/IntoTheLabyrinth/Content/foliage/SM_Flower_Var05_FoliageType.uasset" 643
"../../../../../../Users/dadas/Documents/Unreal Projects/IntoTheLabyrinth/Content/foliage/SM_Flower_Var06_FoliageType.uasset" 644
"../../../../../../Users/dadas/Documents/Unreal Projects/IntoTheLabyrinth/Content/foliage/SM_Stone_Big_Var01_FoliageType.uasset" 645
"../../../../../../Users/dadas/Documents/Unreal Projects/IntoTheLabyrinth/Content/foliage/SM_Stone_Big_Var04_FoliageType.uasset" 646
"../../../../../../Users/dadas/Documents/Unreal Projects/IntoTheLabyrinth/Content/foliage/SM_Stone_Medium_Var01_FoliageType.uasset" 647
"../../../../../../Users/dadas/Documents/Unreal Projects/IntoTheLabyrinth/Content/foliage/SM_Stone_Medium_Var02_FoliageType.uasset" 648
"../../../../../../Users/dadas/Documents/Unreal Projects/IntoTheLabyrinth/Content/foliage/SM_StoneFlat_Var01_FoliageType.uasset" 649
"../../../../../../Users/dadas/Documents/Unreal Projects/IntoTheLabyrinth/Content/Maps/test_level1_BuiltData.uasset" 650
"../../../../../../Users/dadas/Documents/Unreal Projects/IntoTheLabyrinth/Content/materials/laberynth_collisions.uasset" 651
"../../../../../../Users/dadas/Documents/Unreal Projects/IntoTheLabyrinth/Content/Maps/test_level1.umap" 652
"../../../../../../Users/dadas/Documents/Unreal Projects/IntoTheLabyrinth/Content/AdvancedVillagePack/Animations/Butterfly_Anim_Var01_Anim.uasset" 653
"../../../../../../Users/dadas/Documents/Unreal Projects/IntoTheLabyrinth/Content/AdvancedVillagePack/Animations/Butterfly_Anim_Var02_Anim.uasset" 654
"../../../../../../Users/dadas/Documents/Unreal Projects/IntoTheLabyrinth/Content/AdvancedVillagePack/Animations/Butterfly_Anim_Var03_Anim.uasset" 655
"../../../../../../Users/dadas/Documents/Unreal Projects/IntoTheLabyrinth/Content/AdvancedVillagePack/Animations/Butterfly_Anim_Var04_Anim.uasset" 656
"../../../../../../Users/dadas/Documents/Unreal Projects/IntoTheLabyrinth/Content/AdvancedVillagePack/Animations/Butterfly_Anim_Var05_Anim.uasset" 657
"../../../../../../Users/dadas/Documents/Unreal Projects/IntoTheLabyrinth/Content/Textures/Effects/T_Butterflies_D.uasset" 658
"../../../../../../Users/dadas/Documents/Unreal Projects/IntoTheLabyrinth/Content/Textures/Effects/T_Butterflies_O.uasset" 659
"../../../../../../Users/dadas/Documents/Unreal Projects/IntoTheLabyrinth/Content/Materials/M_Simple_Cutout.uasset" 660
"../../../../../../Users/dadas/Documents/Unreal Projects/IntoTheLabyrinth/Content/Materials/M_Inst_Butterflies.uasset" 661
"../../../../../../Users/dadas/Documents/Unreal Projects/IntoTheLabyrinth/Content/AdvancedVillagePack/Animations/Butterfly_Anim_Var01.uasset" 662
"../../../../../../Users/dadas/Documents/Unreal Projects/IntoTheLabyrinth/Content/meshes/ButterflyBody.uasset" 663
"../../../../../../Users/dadas/Documents/Unreal Projects/IntoTheLabyrinth/Content/meshes/ButterflyWing.uasset" 664
"../../../../../../Users/dadas/Documents/Unreal Projects/IntoTheLabyrinth/Content/Blueprints/BP_Butterfly.uasset" 665
"../../../../../../Users/dadas/Documents/Unreal Projects/IntoTheLabyrinth/Content/Blueprints/BP_CampFire_OnDayOnNight.uasset" 666
"../../../../../../Users/dadas/Documents/Unreal Projects/IntoTheLabyrinth/Content/Blueprints/BP_House_Var01.uasset" 667
"../../../../../../Users/dadas/Documents/Unreal Projects/IntoTheLabyrinth/Content/Blueprints/BP_House_Var02_OnDayOnNight.uasset" 668
"../../../../../../Users/dadas/Documents/Unreal Projects/IntoTheLabyrinth/Content/meshes/SM_Well.uasset" 669
"../../../../../../Users/dadas/Documents/Unreal Projects/IntoTheLabyrinth/Content/meshes/SM_Well_Extra02.uasset" 670
"../../../../../../Users/dadas/Documents/Unreal Projects/IntoTheLabyrinth/Content/meshes/SM_Well_Extra03.uasset" 671
"../../../../../../Users/dadas/Documents/Unreal Projects/IntoTheLabyrinth/Content/meshes/SM_Well_Extra04.uasset" 672
"../../../../../../Users/dadas/Documents/Unreal Projects/IntoTheLabyrinth/Content/Blueprints/BP_Well.uasset" 673
"../../../../../../Users/dadas/Documents/Unreal Projects/IntoTheLabyrinth/Content/Blueprints/Misc/BP_Misc_Text.uasset" 674
"../../../Engine/Content/TemplateResources/M_Template_Master.uasset" 675
"../../../Engine/Content/TemplateResources/MI_Template_BaseGray_03_Metal.uasset" 676
"../../../../../../Users/dadas/Documents/Unreal Projects/IntoTheLabyrinth/Content/Materials/M_Pfx_DustParticles.uasset" 677
"../../../../../../Users/dadas/Documents/Unreal Projects/IntoTheLabyrinth/Content/Effects/Pfx_DustParticles.uasset" 678
"../../../../../../Users/dadas/Documents/Unreal Projects/IntoTheLabyrinth/Content/Effects/Pfx_Mist.uasset" 679
"../../../../../../Users/dadas/Documents/Unreal Projects/IntoTheLabyrinth/Content/meshes/SM_Apple.uasset" 680
"../../../../../../Users/dadas/Documents/Unreal Projects/IntoTheLabyrinth/Content/meshes/SM_Axe.uasset" 681
"../../../../../../Users/dadas/Documents/Unreal Projects/IntoTheLabyrinth/Content/meshes/SM_Barrel.uasset" 682
"../../../../../../Users/dadas/Documents/Unreal Projects/IntoTheLabyrinth/Content/meshes/SM_Boat.uasset" 683
"../../../../../../Users/dadas/Documents/Unreal Projects/IntoTheLabyrinth/Content/meshes/SM_Bridge_Var03.uasset" 684
"../../../../../../Users/dadas/Documents/Unreal Projects/IntoTheLabyrinth/Content/meshes/SM_Bridge_Var04.uasset" 685
"../../../../../../Users/dadas/Documents/Unreal Projects/IntoTheLabyrinth/Content/meshes/SM_Bucket.uasset" 686
"../../../../../../Users/dadas/Documents/Unreal Projects/IntoTheLabyrinth/Content/meshes/SM_Cart_Var02.uasset" 687
"../../../../../../Users/dadas/Documents/Unreal Projects/IntoTheLabyrinth/Content/meshes/SM_Hay_Small_Var01.uasset" 688
"../../../../../../Users/dadas/Documents/Unreal Projects/IntoTheLabyrinth/Content/meshes/SM_Hay_Small_Var02.uasset" 689
"../../../../../../Users/dadas/Documents/Unreal Projects/IntoTheLabyrinth/Content/meshes/SM_Hay_Stack.uasset" 690
"../../../../../../Users/dadas/Documents/Unreal Projects/IntoTheLabyrinth/Content/materials/M_Inst_Pack_05_LightsOn.uasset" 691
"../../../../../../Users/dadas/Documents/Unreal Projects/IntoTheLabyrinth/Content/meshes/SM_House_Var01_Extra01_LightsOn.uasset" 692
"../../../../../../Users/dadas/Documents/Unreal Projects/IntoTheLabyrinth/Content/meshes/SM_House_Var01_Extra02_LightsOn.uasset" 693
"../../../../../../Users/dadas/Documents/Unreal Projects/IntoTheLabyrinth/Content/materials/M_Inst_Pack_04_LightsOn.uasset" 694
"../../../../../../Users/dadas/Documents/Unreal Projects/IntoTheLabyrinth/Content/meshes/SM_House_Var01_LightsOn.uasset" 695
"../../../../../../Users/dadas/Documents/Unreal Projects/IntoTheLabyrinth/Content/meshes/SM_Ladder.uasset" 696
"../../../../../../Users/dadas/Documents/Unreal Projects/IntoTheLabyrinth/Content/meshes/SM_Log_Var04.uasset" 697
"../../../../../../Users/dadas/Documents/Unreal Projects/IntoTheLabyrinth/Content/meshes/SM_Mushroom_Var02.uasset" 698
"../../../../../../Users/dadas/Documents/Unreal Projects/IntoTheLabyrinth/Content/meshes/SM_Pot_Var02.uasset" 699
"../../../../../../Users/dadas/Documents/Unreal Projects/IntoTheLabyrinth/Content/meshes/SM_Pot_Var03.uasset" 700
"../../../../../../Users/dadas/Documents/Unreal Projects/IntoTheLabyrinth/Content/meshes/SM_Pot_Var06.uasset" 701
"../../../../../../Users/dadas/Documents/Unreal Projects/IntoTheLabyrinth/Content/meshes/SM_Potato.uasset" 702
"../../../../../../Users/dadas/Documents/Unreal Projects/IntoTheLabyrinth/Content/meshes/SM_Pumpkin_Var03.uasset" 703
"../../../../../../Users/dadas/Documents/Unreal Projects/IntoTheLabyrinth/Content/meshes/SM_Sack_Tomato.uasset" 704
"../../../../../../Users/dadas/Documents/Unreal Projects/IntoTheLabyrinth/Content/meshes/SM_SackWithApples.uasset" 705
"../../../../../../Users/dadas/Documents/Unreal Projects/IntoTheLabyrinth/Content/meshes/SM_SackWithPotatoes.uasset" 706
"../../../../../../Users/dadas/Documents/Unreal Projects/IntoTheLabyrinth/Content/meshes/SM_SackWithTomatoes.uasset" 707
"../../../../../../Users/dadas/Documents/Unreal Projects/IntoTheLabyrinth/Content/meshes/SM_StoneFlat_Var02.uasset" 708
"../../../../../../Users/dadas/Documents/Unreal Projects/IntoTheLabyrinth/Content/meshes/SM_StoneFlat_Var05.uasset" 709
"../../../../../../Users/dadas/Documents/Unreal Projects/IntoTheLabyrinth/Content/meshes/SM_Stonepath_Var01.uasset" 710
"../../../../../../Users/dadas/Documents/Unreal Projects/IntoTheLabyrinth/Content/meshes/SM_Stonepath_Var03.uasset" 711
"../../../../../../Users/dadas/Documents/Unreal Projects/IntoTheLabyrinth/Content/meshes/SM_Tomato.uasset" 712
"../../../../../../Users/dadas/Documents/Unreal Projects/IntoTheLabyrinth/Content/meshes/SM_Watermellon.uasset" 713
"../../../../../../Users/dadas/Documents/Unreal Projects/IntoTheLabyrinth/Content/AdvancedVillagePack/Maps/AdvancedVillagePack_Overview.umap" 714
"../../../../../../Users/dadas/Documents/Unreal Projects/IntoTheLabyrinth/Content/Blueprints/Misc/BP_Misc_DayNight_Cycle.uasset" 715
"../../../../../../Users/dadas/Documents/Unreal Projects/IntoTheLabyrinth/Content/AdvancedVillagePack/Maps/AdvancedVillagePack_DemoScene_sharedassets/Layer01_LayerInfo.uasset" 716
"../../../../../../Users/dadas/Documents/Unreal Projects/IntoTheLabyrinth/Content/AdvancedVillagePack/Maps/AdvancedVillagePack_DemoScene_sharedassets/Layer02_LayerInfo.uasset" 717
"../../../../../../Users/dadas/Documents/Unreal Projects/IntoTheLabyrinth/Content/AdvancedVillagePack/Maps/AdvancedVillagePack_DemoScene_sharedassets/Layer03_LayerInfo.uasset" 718
"../../../../../../Users/dadas/Documents/Unreal Projects/IntoTheLabyrinth/Content/Textures/Landscape/T_Landscape_Pebbles_DH.uasset" 719
"../../../../../../Users/dadas/Documents/Unreal Projects/IntoTheLabyrinth/Content/Textures/Landscape/T_Landscape_Pebbles_N.uasset" 720
"../../../../../../Users/dadas/Documents/Unreal Projects/IntoTheLabyrinth/Content/Textures/Landscape/T_Landscape_Soil_DH.uasset" 721
"../../../../../../Users/dadas/Documents/Unreal Projects/IntoTheLabyrinth/Content/Textures/Landscape/T_Landscape_Soil_N.uasset" 722
"../../../../../../Users/dadas/Documents/Unreal Projects/IntoTheLabyrinth/Content/Materials/M_Landscape.uasset" 723
"../../../../../../Users/dadas/Documents/Unreal Projects/IntoTheLabyrinth/Content/Materials/M_Inst_Landscape.uasset" 724
"../../../../../../Users/dadas/Documents/Unreal Projects/IntoTheLabyrinth/Content/Materials/M_Water.uasset" 725
"../../../../../../Users/dadas/Documents/Unreal Projects/IntoTheLabyrinth/Content/Materials/M_Inst_Water.uasset" 726
"../../../../../../Users/dadas/Documents/Unreal Projects/IntoTheLabyrinth/Content/meshes/SM_Plane_1x1.uasset" 727
"../../../../../../Users/dadas/Documents/Unreal Projects/IntoTheLabyrinth/Content/AdvancedVillagePack/Maps/AdvancedVillagePack_Showcase.umap" 728
"../../../Engine/Content/Maps/Entry_BuiltData.uasset" 729
"../../../Engine/Content/Maps/Entry.umap" 730
